[12:51:23.342] Global cache location '/Users/wayneolson/Library/Caches/typescript/4.8', safe file path '/users/wayneolson/dev/projects/contact-pro/frontend/node_modules/typescript/lib/typingsafelist.json', types map path /users/wayneolson/dev/projects/contact-pro/frontend/node_modules/typescript/lib/typesmap.json
[12:51:23.343] Processing cache location '/Users/wayneolson/Library/Caches/typescript/4.8'
[12:51:23.343] Trying to find '/Users/wayneolson/Library/Caches/typescript/4.8/package.json'...
[12:51:23.345] Loaded content of '/Users/wayneolson/Library/Caches/typescript/4.8/package.json': {"private":true,"dependencies":{"types-registry":"^0.1.616"},"devDependencies":{"@types/autosuggest-highlight":"^3.2.0","@types/babel__core":"^7.1.19","@types/babel__preset-env":"^7.9.2","@types/babel-plugin-macros":"^2.8.5","@types/bcrypt":"^5.0.0","@types/bcryptjs":"^2.4.2","@types/body":"^5.1.1","@types/body-parser":"^1.19.2","@types/busboy":"^1.5.0","@types/bytes":"^3.1.1","@types/chai":"^4.3.3","@types/concat-stream":"^2.0.0","@types/content-type":"^1.1.5","@types/copyfiles":"^2.4.1","@types/core-js":"^2.5.5","@types/debug":"^4.1.7","@types/deep-extend":"^0.4.32","@types/depd":"^1.1.32","@types/end-of-stream":"^1.4.1","@types/eslint":"^8.4.8","@types/eslint-config-prettier":"^6.11.0","@types/express":"^4.17.14","@types/fast-text-encoding":"^1.0.1","@types/figlet":"^1.5.5","@types/file-loader":"^5.0.1","@types/gatsbyjs__reach-router":"^1.3.0","@types/graceful-fs":"^4.1.5","@types/http-cache-semantics":"^4.0.1","@types/http-errors":"^1.8.2","@types/inherits":"^0.0.30","@types/ini":"^1.3.31","@types/json-buffer":"^3.0.0","@types/jsonwebtoken":"^8.5.9","@types/lodash":"^4.14.185","@types/lodash.foreach":"^4.5.7","@types/lodash.get":"^4.4.7","@types/lodash.merge":"^4.6.7","@types/merge-descriptors":"^1.0.1","@types/minimist":"^1.2.2","@types/mkdirp":"^1.0.2","@types/mocha":"^9.1.1","@types/mongoose-unique-validator":"^1.0.6","@types/mui-image":"^1.0.1","@types/multer":"^1.4.7","@types/nodemon":"^1.19.2","@types/object-assign":"^4.0.30","@types/ol":"^6.5.3","@types/once":"^1.4.0","@types/postcss-preset-env":"^7.7.0","@types/prismjs":"^1.26.0","@types/promise-polyfill":"^6.0.4","@types/prop-types":"^15.7.5","@types/pug":"^2.0.6","@types/pump":"^1.1.1","@types/qs":"^6.9.7","@types/rc":"^1.2.1","@types/react":"^18.0.21","@types/react-dom":"^18.0.6","@types/react-google-recaptcha":"^2.1.5","@types/react-helmet":"^6.1.5","@types/react-router":"^5.1.18","@types/react-router-dom":"^5.3.3","@types/react-transition-group":"^4.4.5","@types/registry-auth-token":"^4.2.1","@types/responselike":"^1.0.0","@types/rimraf":"^3.0.2","@types/sass":"^1.43.1","@types/sass-loader":"^8.0.3","@types/semver":"^7.3.12","@types/serve-static":"^1.15.0","@types/sinon":"^10.0.13","@types/sqlite3":"^3.1.8","@types/testing-library__jest-dom":"^5.14.5","@types/type-is":"^1.6.3","@types/uuid":"^8.3.4","@types/webpack":"^5.28.0","@types/xtend":"^4.0.4","@types/yallist":"^4.0.1"}}
[12:51:23.345] Loaded content of '/Users/wayneolson/Library/Caches/typescript/4.8/package-lock.json'
[12:51:23.350] Adding entry into typings cache: 'autosuggest-highlight' => '/Users/wayneolson/Library/Caches/typescript/4.8/node_modules/@types/autosuggest-highlight/index.d.ts'
[12:51:23.353] Adding entry into typings cache: 'babel__core' => '/Users/wayneolson/Library/Caches/typescript/4.8/node_modules/@types/babel__core/index.d.ts'
[12:51:23.354] Adding entry into typings cache: 'babel__preset-env' => '/Users/wayneolson/Library/Caches/typescript/4.8/node_modules/@types/babel__preset-env/index.d.ts'
[12:51:23.355] Adding entry into typings cache: 'babel-plugin-macros' => '/Users/wayneolson/Library/Caches/typescript/4.8/node_modules/@types/babel-plugin-macros/index.d.ts'
[12:51:23.357] Adding entry into typings cache: 'bcrypt' => '/Users/wayneolson/Library/Caches/typescript/4.8/node_modules/@types/bcrypt/index.d.ts'
[12:51:23.358] Adding entry into typings cache: 'bcryptjs' => '/Users/wayneolson/Library/Caches/typescript/4.8/node_modules/@types/bcryptjs/index.d.ts'
[12:51:23.359] Adding entry into typings cache: 'body' => '/Users/wayneolson/Library/Caches/typescript/4.8/node_modules/@types/body/index.d.ts'
[12:51:23.362] Adding entry into typings cache: 'body-parser' => '/Users/wayneolson/Library/Caches/typescript/4.8/node_modules/@types/body-parser/index.d.ts'
[12:51:23.363] Adding entry into typings cache: 'busboy' => '/Users/wayneolson/Library/Caches/typescript/4.8/node_modules/@types/busboy/index.d.ts'
[12:51:23.365] Adding entry into typings cache: 'bytes' => '/Users/wayneolson/Library/Caches/typescript/4.8/node_modules/@types/bytes/index.d.ts'
[12:51:23.366] Adding entry into typings cache: 'chai' => '/Users/wayneolson/Library/Caches/typescript/4.8/node_modules/@types/chai/index.d.ts'
[12:51:23.368] Adding entry into typings cache: 'concat-stream' => '/Users/wayneolson/Library/Caches/typescript/4.8/node_modules/@types/concat-stream/index.d.ts'
[12:51:23.369] Adding entry into typings cache: 'content-type' => '/Users/wayneolson/Library/Caches/typescript/4.8/node_modules/@types/content-type/index.d.ts'
[12:51:23.371] Adding entry into typings cache: 'copyfiles' => '/Users/wayneolson/Library/Caches/typescript/4.8/node_modules/@types/copyfiles/index.d.ts'
[12:51:23.373] Adding entry into typings cache: 'core-js' => '/Users/wayneolson/Library/Caches/typescript/4.8/node_modules/@types/core-js/index.d.ts'
[12:51:23.376] Adding entry into typings cache: 'debug' => '/Users/wayneolson/Library/Caches/typescript/4.8/node_modules/@types/debug/index.d.ts'
[12:51:23.377] Adding entry into typings cache: 'deep-extend' => '/Users/wayneolson/Library/Caches/typescript/4.8/node_modules/@types/deep-extend/index.d.ts'
[12:51:23.378] Adding entry into typings cache: 'depd' => '/Users/wayneolson/Library/Caches/typescript/4.8/node_modules/@types/depd/index.d.ts'
[12:51:23.379] Adding entry into typings cache: 'end-of-stream' => '/Users/wayneolson/Library/Caches/typescript/4.8/node_modules/@types/end-of-stream/index.d.ts'
[12:51:23.380] Adding entry into typings cache: 'eslint' => '/Users/wayneolson/Library/Caches/typescript/4.8/node_modules/@types/eslint/index.d.ts'
[12:51:23.381] Adding entry into typings cache: 'eslint-config-prettier' => '/Users/wayneolson/Library/Caches/typescript/4.8/node_modules/@types/eslint-config-prettier/index.d.ts'
[12:51:23.382] Adding entry into typings cache: 'express' => '/Users/wayneolson/Library/Caches/typescript/4.8/node_modules/@types/express/index.d.ts'
[12:51:23.383] Adding entry into typings cache: 'fast-text-encoding' => '/Users/wayneolson/Library/Caches/typescript/4.8/node_modules/@types/fast-text-encoding/index.d.ts'
[12:51:23.385] Adding entry into typings cache: 'figlet' => '/Users/wayneolson/Library/Caches/typescript/4.8/node_modules/@types/figlet/index.d.ts'
[12:51:23.386] Adding entry into typings cache: 'file-loader' => '/Users/wayneolson/Library/Caches/typescript/4.8/node_modules/@types/file-loader/index.d.ts'
[12:51:23.387] Adding entry into typings cache: 'gatsbyjs__reach-router' => '/Users/wayneolson/Library/Caches/typescript/4.8/node_modules/@types/gatsbyjs__reach-router/index.d.ts'
[12:51:23.390] Adding entry into typings cache: 'graceful-fs' => '/Users/wayneolson/Library/Caches/typescript/4.8/node_modules/@types/graceful-fs/index.d.ts'
[12:51:23.391] Adding entry into typings cache: 'http-cache-semantics' => '/Users/wayneolson/Library/Caches/typescript/4.8/node_modules/@types/http-cache-semantics/index.d.ts'
[12:51:23.392] Adding entry into typings cache: 'http-errors' => '/Users/wayneolson/Library/Caches/typescript/4.8/node_modules/@types/http-errors/index.d.ts'
[12:51:23.393] Adding entry into typings cache: 'inherits' => '/Users/wayneolson/Library/Caches/typescript/4.8/node_modules/@types/inherits/index.d.ts'
[12:51:23.394] Adding entry into typings cache: 'ini' => '/Users/wayneolson/Library/Caches/typescript/4.8/node_modules/@types/ini/index.d.ts'
[12:51:23.395] Adding entry into typings cache: 'json-buffer' => '/Users/wayneolson/Library/Caches/typescript/4.8/node_modules/@types/json-buffer/index.d.ts'
[12:51:23.396] Adding entry into typings cache: 'jsonwebtoken' => '/Users/wayneolson/Library/Caches/typescript/4.8/node_modules/@types/jsonwebtoken/index.d.ts'
[12:51:23.398] Adding entry into typings cache: 'lodash' => '/Users/wayneolson/Library/Caches/typescript/4.8/node_modules/@types/lodash/index.d.ts'
[12:51:23.399] Adding entry into typings cache: 'lodash.foreach' => '/Users/wayneolson/Library/Caches/typescript/4.8/node_modules/@types/lodash.foreach/index.d.ts'
[12:51:23.400] Adding entry into typings cache: 'lodash.get' => '/Users/wayneolson/Library/Caches/typescript/4.8/node_modules/@types/lodash.get/index.d.ts'
[12:51:23.401] Adding entry into typings cache: 'lodash.merge' => '/Users/wayneolson/Library/Caches/typescript/4.8/node_modules/@types/lodash.merge/index.d.ts'
[12:51:23.402] Adding entry into typings cache: 'merge-descriptors' => '/Users/wayneolson/Library/Caches/typescript/4.8/node_modules/@types/merge-descriptors/index.d.ts'
[12:51:23.403] Adding entry into typings cache: 'minimist' => '/Users/wayneolson/Library/Caches/typescript/4.8/node_modules/@types/minimist/index.d.ts'
[12:51:23.403] Adding entry into typings cache: 'mkdirp' => '/Users/wayneolson/Library/Caches/typescript/4.8/node_modules/@types/mkdirp/index.d.ts'
[12:51:23.404] Adding entry into typings cache: 'mocha' => '/Users/wayneolson/Library/Caches/typescript/4.8/node_modules/@types/mocha/index.d.ts'
[12:51:23.405] Adding entry into typings cache: 'mongoose-unique-validator' => '/Users/wayneolson/Library/Caches/typescript/4.8/node_modules/@types/mongoose-unique-validator/index.d.ts'
[12:51:23.406] Adding entry into typings cache: 'mui-image' => '/Users/wayneolson/Library/Caches/typescript/4.8/node_modules/@types/mui-image/index.d.ts'
[12:51:23.407] Adding entry into typings cache: 'multer' => '/Users/wayneolson/Library/Caches/typescript/4.8/node_modules/@types/multer/index.d.ts'
[12:51:23.408] Adding entry into typings cache: 'nodemon' => '/Users/wayneolson/Library/Caches/typescript/4.8/node_modules/@types/nodemon/index.d.ts'
[12:51:23.409] Adding entry into typings cache: 'object-assign' => '/Users/wayneolson/Library/Caches/typescript/4.8/node_modules/@types/object-assign/index.d.ts'
[12:51:23.410] Adding entry into typings cache: 'ol' => '/Users/wayneolson/Library/Caches/typescript/4.8/node_modules/@types/ol/index.d.ts'
[12:51:23.411] Adding entry into typings cache: 'once' => '/Users/wayneolson/Library/Caches/typescript/4.8/node_modules/@types/once/index.d.ts'
[12:51:23.412] Adding entry into typings cache: 'postcss-preset-env' => '/Users/wayneolson/Library/Caches/typescript/4.8/node_modules/@types/postcss-preset-env/index.d.ts'
[12:51:23.413] Adding entry into typings cache: 'prismjs' => '/Users/wayneolson/Library/Caches/typescript/4.8/node_modules/@types/prismjs/index.d.ts'
[12:51:23.414] Adding entry into typings cache: 'promise-polyfill' => '/Users/wayneolson/Library/Caches/typescript/4.8/node_modules/@types/promise-polyfill/index.d.ts'
[12:51:23.415] Adding entry into typings cache: 'prop-types' => '/Users/wayneolson/Library/Caches/typescript/4.8/node_modules/@types/prop-types/index.d.ts'
[12:51:23.416] Adding entry into typings cache: 'pug' => '/Users/wayneolson/Library/Caches/typescript/4.8/node_modules/@types/pug/index.d.ts'
[12:51:23.416] Adding entry into typings cache: 'pump' => '/Users/wayneolson/Library/Caches/typescript/4.8/node_modules/@types/pump/index.d.ts'
[12:51:23.417] Adding entry into typings cache: 'qs' => '/Users/wayneolson/Library/Caches/typescript/4.8/node_modules/@types/qs/index.d.ts'
[12:51:23.418] Adding entry into typings cache: 'rc' => '/Users/wayneolson/Library/Caches/typescript/4.8/node_modules/@types/rc/index.d.ts'
[12:51:23.420] Adding entry into typings cache: 'react' => '/Users/wayneolson/Library/Caches/typescript/4.8/node_modules/@types/react/index.d.ts'
[12:51:23.422] Adding entry into typings cache: 'react-dom' => '/Users/wayneolson/Library/Caches/typescript/4.8/node_modules/@types/react-dom/index.d.ts'
[12:51:23.424] Adding entry into typings cache: 'react-google-recaptcha' => '/Users/wayneolson/Library/Caches/typescript/4.8/node_modules/@types/react-google-recaptcha/index.d.ts'
[12:51:23.425] Adding entry into typings cache: 'react-helmet' => '/Users/wayneolson/Library/Caches/typescript/4.8/node_modules/@types/react-helmet/index.d.ts'
[12:51:23.426] Adding entry into typings cache: 'react-router' => '/Users/wayneolson/Library/Caches/typescript/4.8/node_modules/@types/react-router/index.d.ts'
[12:51:23.427] Adding entry into typings cache: 'react-router-dom' => '/Users/wayneolson/Library/Caches/typescript/4.8/node_modules/@types/react-router-dom/index.d.ts'
[12:51:23.428] Adding entry into typings cache: 'react-transition-group' => '/Users/wayneolson/Library/Caches/typescript/4.8/node_modules/@types/react-transition-group/index.d.ts'
[12:51:23.429] Adding entry into typings cache: 'registry-auth-token' => '/Users/wayneolson/Library/Caches/typescript/4.8/node_modules/@types/registry-auth-token/index.d.ts'
[12:51:23.430] Adding entry into typings cache: 'responselike' => '/Users/wayneolson/Library/Caches/typescript/4.8/node_modules/@types/responselike/index.d.ts'
[12:51:23.431] Adding entry into typings cache: 'rimraf' => '/Users/wayneolson/Library/Caches/typescript/4.8/node_modules/@types/rimraf/index.d.ts'
[12:51:23.431] Adding entry into typings cache: 'sass' => '/Users/wayneolson/Library/Caches/typescript/4.8/node_modules/@types/sass/index.d.ts'
[12:51:23.432] Adding entry into typings cache: 'sass-loader' => '/Users/wayneolson/Library/Caches/typescript/4.8/node_modules/@types/sass-loader/index.d.ts'
[12:51:23.433] Adding entry into typings cache: 'semver' => '/Users/wayneolson/Library/Caches/typescript/4.8/node_modules/@types/semver/index.d.ts'
[12:51:23.433] Adding entry into typings cache: 'serve-static' => '/Users/wayneolson/Library/Caches/typescript/4.8/node_modules/@types/serve-static/index.d.ts'
[12:51:23.435] Adding entry into typings cache: 'sinon' => '/Users/wayneolson/Library/Caches/typescript/4.8/node_modules/@types/sinon/index.d.ts'
[12:51:23.435] Adding entry into typings cache: 'sqlite3' => '/Users/wayneolson/Library/Caches/typescript/4.8/node_modules/@types/sqlite3/index.d.ts'
[12:51:23.437] Adding entry into typings cache: 'testing-library__jest-dom' => '/Users/wayneolson/Library/Caches/typescript/4.8/node_modules/@types/testing-library__jest-dom/index.d.ts'
[12:51:23.437] Adding entry into typings cache: 'type-is' => '/Users/wayneolson/Library/Caches/typescript/4.8/node_modules/@types/type-is/index.d.ts'
[12:51:23.438] Adding entry into typings cache: 'uuid' => '/Users/wayneolson/Library/Caches/typescript/4.8/node_modules/@types/uuid/index.d.ts'
[12:51:23.441] Adding entry into typings cache: 'webpack' => '/Users/wayneolson/Library/Caches/typescript/4.8/node_modules/webpack/types.d.ts'
[12:51:23.441] Adding entry into typings cache: 'xtend' => '/Users/wayneolson/Library/Caches/typescript/4.8/node_modules/@types/xtend/index.d.ts'
[12:51:23.442] Adding entry into typings cache: 'yallist' => '/Users/wayneolson/Library/Caches/typescript/4.8/node_modules/@types/yallist/index.d.ts'
[12:51:23.442] Finished processing cache location '/Users/wayneolson/Library/Caches/typescript/4.8'
[12:51:23.442] Process id: 29745
[12:51:23.442] NPM location: /Users/wayneolson/.nvm/versions/node/v14.17.4/bin/npm (explicit '--npmLocation' not  provided)
[12:51:23.442] validateDefaultNpmLocation: false
[12:51:23.442] Npm config file: /Users/wayneolson/Library/Caches/typescript/4.8/package.json
[12:51:23.442] Updating types-registry npm package...
[12:51:23.443] Exec: /Users/wayneolson/.nvm/versions/node/v14.17.4/bin/npm install --ignore-scripts types-registry@latest
[12:51:24.227]     Succeeded. stdout:
    
    up to date, audited 270 packages in 528ms

20 packages are looking for funding
  run `npm fund` for details

found 0 vulnerabilities

[12:51:24.227] Updated types-registry npm package
[12:51:25.164] Got install request {"projectName":"/dev/null/inferredProject1*","fileNames":["/Users/wayneolson/dev/projects/contact-pro/frontend/node_modules/typescript/lib/lib.es5.d.ts","/Users/wayneolson/dev/projects/contact-pro/frontend/node_modules/typescript/lib/lib.es2015.d.ts","/Users/wayneolson/dev/projects/contact-pro/frontend/node_modules/typescript/lib/lib.es2016.d.ts","/Users/wayneolson/dev/projects/contact-pro/frontend/node_modules/typescript/lib/lib.dom.d.ts","/Users/wayneolson/dev/projects/contact-pro/frontend/node_modules/typescript/lib/lib.dom.iterable.d.ts","/Users/wayneolson/dev/projects/contact-pro/frontend/node_modules/typescript/lib/lib.webworker.importscripts.d.ts","/Users/wayneolson/dev/projects/contact-pro/frontend/node_modules/typescript/lib/lib.scripthost.d.ts","/Users/wayneolson/dev/projects/contact-pro/frontend/node_modules/typescript/lib/lib.es2015.core.d.ts","/Users/wayneolson/dev/projects/contact-pro/frontend/node_modules/typescript/lib/lib.es2015.collection.d.ts","/Users/wayneolson/dev/projects/contact-pro/frontend/node_modules/typescript/lib/lib.es2015.generator.d.ts","/Users/wayneolson/dev/projects/contact-pro/frontend/node_modules/typescript/lib/lib.es2015.iterable.d.ts","/Users/wayneolson/dev/projects/contact-pro/frontend/node_modules/typescript/lib/lib.es2015.promise.d.ts","/Users/wayneolson/dev/projects/contact-pro/frontend/node_modules/typescript/lib/lib.es2015.proxy.d.ts","/Users/wayneolson/dev/projects/contact-pro/frontend/node_modules/typescript/lib/lib.es2015.reflect.d.ts","/Users/wayneolson/dev/projects/contact-pro/frontend/node_modules/typescript/lib/lib.es2015.symbol.d.ts","/Users/wayneolson/dev/projects/contact-pro/frontend/node_modules/typescript/lib/lib.es2015.symbol.wellknown.d.ts","/Users/wayneolson/dev/projects/contact-pro/frontend/node_modules/typescript/lib/lib.es2016.array.include.d.ts","/Users/wayneolson/dev/projects/contact-pro/frontend/node_modules/typescript/lib/lib.es2016.full.d.ts","/Users/wayneolson/dev/projects/contact-pro/frontend/src/shared/contexts/user-context.js","/Users/wayneolson/dev/projects/contact-pro/frontend/src/shared/hooks/http-hook.js","/Users/wayneolson/dev/projects/contact-pro/frontend/src/shared/components/UIElements/DeleteConfirmationModal.js","/Users/wayneolson/dev/projects/contact-pro/frontend/src/users/components/UserProfileHeader.js","/Users/wayneolson/dev/projects/contact-pro/frontend/src/shared/components/layout/Item.js","/Users/wayneolson/dev/projects/contact-pro/frontend/src/users/components/UserProfileDetails.js","/Users/wayneolson/dev/projects/contact-pro/frontend/src/users/components/UserProfileContactsData.js","/Users/wayneolson/dev/projects/contact-pro/frontend/src/users/components/UserProfileCard.js","/Users/wayneolson/dev/projects/contact-pro/frontend/src/users/views/UserProfile.js"],"compilerOptions":{"module":1,"target":3,"jsx":1,"allowJs":true,"allowSyntheticDefaultImports":true,"allowNonTsExtensions":true,"noEmitForJsFiles":true,"maxNodeModuleJsDepth":2},"typeAcquisition":{"enable":true,"include":[],"exclude":[]},"unresolvedImports":["abortcontroller-polyfill","core-js","promise-polyfill"],"projectRootPath":"/Users/wayneolson/dev/projects/contact-pro/frontend/src/users/views","kind":"discover"}
[12:51:25.170] Loaded safelist from types map file '/users/wayneolson/dev/projects/contact-pro/frontend/node_modules/typescript/lib/typesmap.json'
[12:51:25.170] Explicitly included types: []
[12:51:25.171] Inferred typings from unresolved imports: ["abortcontroller-polyfill","core-js","promise-polyfill"]
[12:51:25.171] Result: {"cachedTypingPaths":["/Users/wayneolson/Library/Caches/typescript/4.8/node_modules/@types/core-js/index.d.ts","/Users/wayneolson/Library/Caches/typescript/4.8/node_modules/@types/promise-polyfill/index.d.ts"],"newTypingNames":["abortcontroller-polyfill"],"filesToWatch":["/Users/wayneolson/dev/projects/contact-pro/frontend/src/shared/contexts/bower_components","/Users/wayneolson/dev/projects/contact-pro/frontend/src/shared/contexts/node_modules","/Users/wayneolson/dev/projects/contact-pro/frontend/src/shared/hooks/bower_components","/Users/wayneolson/dev/projects/contact-pro/frontend/src/shared/hooks/node_modules","/Users/wayneolson/dev/projects/contact-pro/frontend/src/shared/components/UIElements/bower_components","/Users/wayneolson/dev/projects/contact-pro/frontend/src/shared/components/UIElements/node_modules","/Users/wayneolson/dev/projects/contact-pro/frontend/src/users/components/bower_components","/Users/wayneolson/dev/projects/contact-pro/frontend/src/users/components/node_modules","/Users/wayneolson/dev/projects/contact-pro/frontend/src/shared/components/layout/bower_components","/Users/wayneolson/dev/projects/contact-pro/frontend/src/shared/components/layout/node_modules","/Users/wayneolson/dev/projects/contact-pro/frontend/src/users/views/bower_components","/Users/wayneolson/dev/projects/contact-pro/frontend/src/users/views/node_modules"]}
[12:51:25.171] Finished typings discovery: {"cachedTypingPaths":["/Users/wayneolson/Library/Caches/typescript/4.8/node_modules/@types/core-js/index.d.ts","/Users/wayneolson/Library/Caches/typescript/4.8/node_modules/@types/promise-polyfill/index.d.ts"],"newTypingNames":["abortcontroller-polyfill"],"filesToWatch":["/Users/wayneolson/dev/projects/contact-pro/frontend/src/shared/contexts/bower_components","/Users/wayneolson/dev/projects/contact-pro/frontend/src/shared/contexts/node_modules","/Users/wayneolson/dev/projects/contact-pro/frontend/src/shared/hooks/bower_components","/Users/wayneolson/dev/projects/contact-pro/frontend/src/shared/hooks/node_modules","/Users/wayneolson/dev/projects/contact-pro/frontend/src/shared/components/UIElements/bower_components","/Users/wayneolson/dev/projects/contact-pro/frontend/src/shared/components/UIElements/node_modules","/Users/wayneolson/dev/projects/contact-pro/frontend/src/users/components/bower_components","/Users/wayneolson/dev/projects/contact-pro/frontend/src/users/components/node_modules","/Users/wayneolson/dev/projects/contact-pro/frontend/src/shared/components/layout/bower_components","/Users/wayneolson/dev/projects/contact-pro/frontend/src/shared/components/layout/node_modules","/Users/wayneolson/dev/projects/contact-pro/frontend/src/users/views/bower_components","/Users/wayneolson/dev/projects/contact-pro/frontend/src/users/views/node_modules"]}
[12:51:25.171] DirectoryWatcher:: Added:: WatchInfo: /Users/wayneolson/dev/projects/contact-pro/frontend/src/shared/contexts/bower_components
[12:51:25.172] DirectoryWatcher:: Added:: WatchInfo: /Users/wayneolson/dev/projects/contact-pro/frontend/src/shared/contexts/bower_components 1 undefined Project: /dev/null/inferredProject1* watcher already invoked: false
[12:51:25.172] Elapsed:: 0.5983330011367798ms DirectoryWatcher:: Added:: WatchInfo: /Users/wayneolson/dev/projects/contact-pro/frontend/src/shared/contexts/bower_components 1 undefined Project: /dev/null/inferredProject1* watcher already invoked: false
[12:51:25.172] DirectoryWatcher:: Added:: WatchInfo: /Users/wayneolson/dev/projects/contact-pro/frontend/src/shared/contexts/node_modules
[12:51:25.172] DirectoryWatcher:: Added:: WatchInfo: /Users/wayneolson/dev/projects/contact-pro/frontend/src/shared/contexts/node_modules 1 undefined Project: /dev/null/inferredProject1* watcher already invoked: false
[12:51:25.173] Elapsed:: 0.06245800107717514ms DirectoryWatcher:: Added:: WatchInfo: /Users/wayneolson/dev/projects/contact-pro/frontend/src/shared/contexts/node_modules 1 undefined Project: /dev/null/inferredProject1* watcher already invoked: false
[12:51:25.173] DirectoryWatcher:: Added:: WatchInfo: /Users/wayneolson/dev/projects/contact-pro/frontend/src/shared/hooks/bower_components
[12:51:25.173] DirectoryWatcher:: Added:: WatchInfo: /Users/wayneolson/dev/projects/contact-pro/frontend/src/shared/hooks/bower_components 1 undefined Project: /dev/null/inferredProject1* watcher already invoked: false
[12:51:25.173] Elapsed:: 0.04087499529123306ms DirectoryWatcher:: Added:: WatchInfo: /Users/wayneolson/dev/projects/contact-pro/frontend/src/shared/hooks/bower_components 1 undefined Project: /dev/null/inferredProject1* watcher already invoked: false
[12:51:25.173] DirectoryWatcher:: Added:: WatchInfo: /Users/wayneolson/dev/projects/contact-pro/frontend/src/shared/hooks/node_modules
[12:51:25.173] DirectoryWatcher:: Added:: WatchInfo: /Users/wayneolson/dev/projects/contact-pro/frontend/src/shared/hooks/node_modules 1 undefined Project: /dev/null/inferredProject1* watcher already invoked: false
[12:51:25.173] Elapsed:: 0.03400000184774399ms DirectoryWatcher:: Added:: WatchInfo: /Users/wayneolson/dev/projects/contact-pro/frontend/src/shared/hooks/node_modules 1 undefined Project: /dev/null/inferredProject1* watcher already invoked: false
[12:51:25.173] DirectoryWatcher:: Added:: WatchInfo: /Users/wayneolson/dev/projects/contact-pro/frontend/src/shared/components/UIElements/bower_components
[12:51:25.173] DirectoryWatcher:: Added:: WatchInfo: /Users/wayneolson/dev/projects/contact-pro/frontend/src/shared/components/UIElements/bower_components 1 undefined Project: /dev/null/inferredProject1* watcher already invoked: false
[12:51:25.173] Elapsed:: 0.032917000353336334ms DirectoryWatcher:: Added:: WatchInfo: /Users/wayneolson/dev/projects/contact-pro/frontend/src/shared/components/UIElements/bower_components 1 undefined Project: /dev/null/inferredProject1* watcher already invoked: false
[12:51:25.173] DirectoryWatcher:: Added:: WatchInfo: /Users/wayneolson/dev/projects/contact-pro/frontend/src/shared/components/UIElements/node_modules
[12:51:25.173] DirectoryWatcher:: Added:: WatchInfo: /Users/wayneolson/dev/projects/contact-pro/frontend/src/shared/components/UIElements/node_modules 1 undefined Project: /dev/null/inferredProject1* watcher already invoked: false
[12:51:25.173] Elapsed:: 0.03812500089406967ms DirectoryWatcher:: Added:: WatchInfo: /Users/wayneolson/dev/projects/contact-pro/frontend/src/shared/components/UIElements/node_modules 1 undefined Project: /dev/null/inferredProject1* watcher already invoked: false
[12:51:25.173] DirectoryWatcher:: Added:: WatchInfo: /Users/wayneolson/dev/projects/contact-pro/frontend/src/users/components/bower_components
[12:51:25.173] DirectoryWatcher:: Added:: WatchInfo: /Users/wayneolson/dev/projects/contact-pro/frontend/src/users/components/bower_components 1 undefined Project: /dev/null/inferredProject1* watcher already invoked: false
[12:51:25.173] Elapsed:: 0.039125002920627594ms DirectoryWatcher:: Added:: WatchInfo: /Users/wayneolson/dev/projects/contact-pro/frontend/src/users/components/bower_components 1 undefined Project: /dev/null/inferredProject1* watcher already invoked: false
[12:51:25.173] DirectoryWatcher:: Added:: WatchInfo: /Users/wayneolson/dev/projects/contact-pro/frontend/src/users/components/node_modules
[12:51:25.173] DirectoryWatcher:: Added:: WatchInfo: /Users/wayneolson/dev/projects/contact-pro/frontend/src/users/components/node_modules 1 undefined Project: /dev/null/inferredProject1* watcher already invoked: false
[12:51:25.173] Elapsed:: 0.036416999995708466ms DirectoryWatcher:: Added:: WatchInfo: /Users/wayneolson/dev/projects/contact-pro/frontend/src/users/components/node_modules 1 undefined Project: /dev/null/inferredProject1* watcher already invoked: false
[12:51:25.173] DirectoryWatcher:: Added:: WatchInfo: /Users/wayneolson/dev/projects/contact-pro/frontend/src/shared/components/layout/bower_components
[12:51:25.173] DirectoryWatcher:: Added:: WatchInfo: /Users/wayneolson/dev/projects/contact-pro/frontend/src/shared/components/layout/bower_components 1 undefined Project: /dev/null/inferredProject1* watcher already invoked: false
[12:51:25.174] Elapsed:: 0.04112499952316284ms DirectoryWatcher:: Added:: WatchInfo: /Users/wayneolson/dev/projects/contact-pro/frontend/src/shared/components/layout/bower_components 1 undefined Project: /dev/null/inferredProject1* watcher already invoked: false
[12:51:25.174] DirectoryWatcher:: Added:: WatchInfo: /Users/wayneolson/dev/projects/contact-pro/frontend/src/shared/components/layout/node_modules
[12:51:25.174] DirectoryWatcher:: Added:: WatchInfo: /Users/wayneolson/dev/projects/contact-pro/frontend/src/shared/components/layout/node_modules 1 undefined Project: /dev/null/inferredProject1* watcher already invoked: false
[12:51:25.174] Elapsed:: 0.033417001366615295ms DirectoryWatcher:: Added:: WatchInfo: /Users/wayneolson/dev/projects/contact-pro/frontend/src/shared/components/layout/node_modules 1 undefined Project: /dev/null/inferredProject1* watcher already invoked: false
[12:51:25.174] DirectoryWatcher:: Added:: WatchInfo: /Users/wayneolson/dev/projects/contact-pro/frontend/src/users/views/bower_components
[12:51:25.174] DirectoryWatcher:: Added:: WatchInfo: /Users/wayneolson/dev/projects/contact-pro/frontend/src/users/views/bower_components 1 undefined Project: /dev/null/inferredProject1* watcher already invoked: false
[12:51:25.174] Elapsed:: 0.032333001494407654ms DirectoryWatcher:: Added:: WatchInfo: /Users/wayneolson/dev/projects/contact-pro/frontend/src/users/views/bower_components 1 undefined Project: /dev/null/inferredProject1* watcher already invoked: false
[12:51:25.174] DirectoryWatcher:: Added:: WatchInfo: /Users/wayneolson/dev/projects/contact-pro/frontend/src/users/views/node_modules
[12:51:25.174] DirectoryWatcher:: Added:: WatchInfo: /Users/wayneolson/dev/projects/contact-pro/frontend/src/users/views/node_modules 1 undefined Project: /dev/null/inferredProject1* watcher already invoked: false
[12:51:25.174] Elapsed:: 0.029166996479034424ms DirectoryWatcher:: Added:: WatchInfo: /Users/wayneolson/dev/projects/contact-pro/frontend/src/users/views/node_modules 1 undefined Project: /dev/null/inferredProject1* watcher already invoked: false
[12:51:25.174] Installing typings ["abortcontroller-polyfill"]
[12:51:25.174] 'abortcontroller-polyfill':: Entry for package 'abortcontroller-polyfill' does not exist in local types registry - skipping...
[12:51:25.174] All typings are known to be missing or invalid - no need to install more typings
[12:51:25.174] Sending response:
    {"projectName":"/dev/null/inferredProject1*","typeAcquisition":{"enable":true,"include":[],"exclude":[]},"compilerOptions":{"module":1,"target":3,"jsx":1,"allowJs":true,"allowSyntheticDefaultImports":true,"allowNonTsExtensions":true,"noEmitForJsFiles":true,"maxNodeModuleJsDepth":2},"typings":["/Users/wayneolson/Library/Caches/typescript/4.8/node_modules/@types/core-js/index.d.ts","/Users/wayneolson/Library/Caches/typescript/4.8/node_modules/@types/promise-polyfill/index.d.ts"],"unresolvedImports":["abortcontroller-polyfill","core-js","promise-polyfill"],"kind":"action::set"}
[12:51:25.174] Response has been sent.
[12:51:25.478] Got install request {"projectName":"/dev/null/inferredProject1*","fileNames":["/Users/wayneolson/dev/projects/contact-pro/frontend/node_modules/typescript/lib/lib.es5.d.ts","/Users/wayneolson/dev/projects/contact-pro/frontend/node_modules/typescript/lib/lib.es2015.d.ts","/Users/wayneolson/dev/projects/contact-pro/frontend/node_modules/typescript/lib/lib.es2016.d.ts","/Users/wayneolson/dev/projects/contact-pro/frontend/node_modules/typescript/lib/lib.dom.d.ts","/Users/wayneolson/dev/projects/contact-pro/frontend/node_modules/typescript/lib/lib.dom.iterable.d.ts","/Users/wayneolson/dev/projects/contact-pro/frontend/node_modules/typescript/lib/lib.webworker.importscripts.d.ts","/Users/wayneolson/dev/projects/contact-pro/frontend/node_modules/typescript/lib/lib.scripthost.d.ts","/Users/wayneolson/dev/projects/contact-pro/frontend/node_modules/typescript/lib/lib.es2015.core.d.ts","/Users/wayneolson/dev/projects/contact-pro/frontend/node_modules/typescript/lib/lib.es2015.collection.d.ts","/Users/wayneolson/dev/projects/contact-pro/frontend/node_modules/typescript/lib/lib.es2015.generator.d.ts","/Users/wayneolson/dev/projects/contact-pro/frontend/node_modules/typescript/lib/lib.es2015.iterable.d.ts","/Users/wayneolson/dev/projects/contact-pro/frontend/node_modules/typescript/lib/lib.es2015.promise.d.ts","/Users/wayneolson/dev/projects/contact-pro/frontend/node_modules/typescript/lib/lib.es2015.proxy.d.ts","/Users/wayneolson/dev/projects/contact-pro/frontend/node_modules/typescript/lib/lib.es2015.reflect.d.ts","/Users/wayneolson/dev/projects/contact-pro/frontend/node_modules/typescript/lib/lib.es2015.symbol.d.ts","/Users/wayneolson/dev/projects/contact-pro/frontend/node_modules/typescript/lib/lib.es2015.symbol.wellknown.d.ts","/Users/wayneolson/dev/projects/contact-pro/frontend/node_modules/typescript/lib/lib.es2016.array.include.d.ts","/Users/wayneolson/dev/projects/contact-pro/frontend/node_modules/typescript/lib/lib.es2016.full.d.ts","/Users/wayneolson/dev/projects/contact-pro/frontend/src/shared/contexts/user-context.js","/Users/wayneolson/dev/projects/contact-pro/frontend/src/shared/hooks/http-hook.js","/Users/wayneolson/dev/projects/contact-pro/frontend/src/shared/components/UIElements/DeleteConfirmationModal.js","/Users/wayneolson/dev/projects/contact-pro/frontend/src/users/components/UserProfileHeader.js","/Users/wayneolson/dev/projects/contact-pro/frontend/src/shared/components/layout/Item.js","/Users/wayneolson/dev/projects/contact-pro/frontend/src/users/components/UserProfileDetails.js","/Users/wayneolson/dev/projects/contact-pro/frontend/src/users/components/UserProfileContactsData.js","/Users/wayneolson/dev/projects/contact-pro/frontend/src/users/components/UserProfileCard.js","/Users/wayneolson/dev/projects/contact-pro/frontend/src/users/views/UserProfile.js","/Users/wayneolson/Library/Caches/typescript/4.8/node_modules/@types/core-js/index.d.ts","/Users/wayneolson/Library/Caches/typescript/4.8/node_modules/@types/promise-polyfill/index.d.ts"],"compilerOptions":{"module":1,"target":3,"jsx":1,"allowJs":true,"allowSyntheticDefaultImports":true,"allowNonTsExtensions":true,"noEmitForJsFiles":true,"maxNodeModuleJsDepth":2},"typeAcquisition":{"enable":true,"include":[],"exclude":[]},"unresolvedImports":["abortcontroller-polyfill","core-js","promise-polyfill"],"projectRootPath":"/Users/wayneolson/dev/projects/contact-pro/frontend/src/users/views","kind":"discover"}
[12:51:25.479] Explicitly included types: []
[12:51:25.479] Inferred typings from unresolved imports: ["abortcontroller-polyfill","core-js","promise-polyfill"]
[12:51:25.480] Result: {"cachedTypingPaths":["/Users/wayneolson/Library/Caches/typescript/4.8/node_modules/@types/core-js/index.d.ts","/Users/wayneolson/Library/Caches/typescript/4.8/node_modules/@types/promise-polyfill/index.d.ts"],"newTypingNames":["abortcontroller-polyfill"],"filesToWatch":["/Users/wayneolson/dev/projects/contact-pro/frontend/src/shared/contexts/bower_components","/Users/wayneolson/dev/projects/contact-pro/frontend/src/shared/contexts/node_modules","/Users/wayneolson/dev/projects/contact-pro/frontend/src/shared/hooks/bower_components","/Users/wayneolson/dev/projects/contact-pro/frontend/src/shared/hooks/node_modules","/Users/wayneolson/dev/projects/contact-pro/frontend/src/shared/components/UIElements/bower_components","/Users/wayneolson/dev/projects/contact-pro/frontend/src/shared/components/UIElements/node_modules","/Users/wayneolson/dev/projects/contact-pro/frontend/src/users/components/bower_components","/Users/wayneolson/dev/projects/contact-pro/frontend/src/users/components/node_modules","/Users/wayneolson/dev/projects/contact-pro/frontend/src/shared/components/layout/bower_components","/Users/wayneolson/dev/projects/contact-pro/frontend/src/shared/components/layout/node_modules","/Users/wayneolson/dev/projects/contact-pro/frontend/src/users/views/bower_components","/Users/wayneolson/dev/projects/contact-pro/frontend/src/users/views/node_modules"]}
[12:51:25.480] Finished typings discovery: {"cachedTypingPaths":["/Users/wayneolson/Library/Caches/typescript/4.8/node_modules/@types/core-js/index.d.ts","/Users/wayneolson/Library/Caches/typescript/4.8/node_modules/@types/promise-polyfill/index.d.ts"],"newTypingNames":["abortcontroller-polyfill"],"filesToWatch":["/Users/wayneolson/dev/projects/contact-pro/frontend/src/shared/contexts/bower_components","/Users/wayneolson/dev/projects/contact-pro/frontend/src/shared/contexts/node_modules","/Users/wayneolson/dev/projects/contact-pro/frontend/src/shared/hooks/bower_components","/Users/wayneolson/dev/projects/contact-pro/frontend/src/shared/hooks/node_modules","/Users/wayneolson/dev/projects/contact-pro/frontend/src/shared/components/UIElements/bower_components","/Users/wayneolson/dev/projects/contact-pro/frontend/src/shared/components/UIElements/node_modules","/Users/wayneolson/dev/projects/contact-pro/frontend/src/users/components/bower_components","/Users/wayneolson/dev/projects/contact-pro/frontend/src/users/components/node_modules","/Users/wayneolson/dev/projects/contact-pro/frontend/src/shared/components/layout/bower_components","/Users/wayneolson/dev/projects/contact-pro/frontend/src/shared/components/layout/node_modules","/Users/wayneolson/dev/projects/contact-pro/frontend/src/users/views/bower_components","/Users/wayneolson/dev/projects/contact-pro/frontend/src/users/views/node_modules"]}
[12:51:25.480] Installing typings ["abortcontroller-polyfill"]
[12:51:25.480] 'abortcontroller-polyfill':: Entry for package 'abortcontroller-polyfill' does not exist in local types registry - skipping...
[12:51:25.480] All typings are known to be missing or invalid - no need to install more typings
[12:51:25.480] Sending response:
    {"projectName":"/dev/null/inferredProject1*","typeAcquisition":{"enable":true,"include":[],"exclude":[]},"compilerOptions":{"module":1,"target":3,"jsx":1,"allowJs":true,"allowSyntheticDefaultImports":true,"allowNonTsExtensions":true,"noEmitForJsFiles":true,"maxNodeModuleJsDepth":2},"typings":["/Users/wayneolson/Library/Caches/typescript/4.8/node_modules/@types/core-js/index.d.ts","/Users/wayneolson/Library/Caches/typescript/4.8/node_modules/@types/promise-polyfill/index.d.ts"],"unresolvedImports":["abortcontroller-polyfill","core-js","promise-polyfill"],"kind":"action::set"}
[12:51:25.480] Response has been sent.
[12:54:01.265] Got install request {"projectName":"/dev/null/inferredProject1*","fileNames":["/Users/wayneolson/dev/projects/contact-pro/frontend/node_modules/typescript/lib/lib.es5.d.ts","/Users/wayneolson/dev/projects/contact-pro/frontend/node_modules/typescript/lib/lib.es2015.d.ts","/Users/wayneolson/dev/projects/contact-pro/frontend/node_modules/typescript/lib/lib.es2016.d.ts","/Users/wayneolson/dev/projects/contact-pro/frontend/node_modules/typescript/lib/lib.dom.d.ts","/Users/wayneolson/dev/projects/contact-pro/frontend/node_modules/typescript/lib/lib.dom.iterable.d.ts","/Users/wayneolson/dev/projects/contact-pro/frontend/node_modules/typescript/lib/lib.webworker.importscripts.d.ts","/Users/wayneolson/dev/projects/contact-pro/frontend/node_modules/typescript/lib/lib.scripthost.d.ts","/Users/wayneolson/dev/projects/contact-pro/frontend/node_modules/typescript/lib/lib.es2015.core.d.ts","/Users/wayneolson/dev/projects/contact-pro/frontend/node_modules/typescript/lib/lib.es2015.collection.d.ts","/Users/wayneolson/dev/projects/contact-pro/frontend/node_modules/typescript/lib/lib.es2015.generator.d.ts","/Users/wayneolson/dev/projects/contact-pro/frontend/node_modules/typescript/lib/lib.es2015.iterable.d.ts","/Users/wayneolson/dev/projects/contact-pro/frontend/node_modules/typescript/lib/lib.es2015.promise.d.ts","/Users/wayneolson/dev/projects/contact-pro/frontend/node_modules/typescript/lib/lib.es2015.proxy.d.ts","/Users/wayneolson/dev/projects/contact-pro/frontend/node_modules/typescript/lib/lib.es2015.reflect.d.ts","/Users/wayneolson/dev/projects/contact-pro/frontend/node_modules/typescript/lib/lib.es2015.symbol.d.ts","/Users/wayneolson/dev/projects/contact-pro/frontend/node_modules/typescript/lib/lib.es2015.symbol.wellknown.d.ts","/Users/wayneolson/dev/projects/contact-pro/frontend/node_modules/typescript/lib/lib.es2016.array.include.d.ts","/Users/wayneolson/dev/projects/contact-pro/frontend/node_modules/typescript/lib/lib.es2016.full.d.ts","/Users/wayneolson/dev/projects/contact-pro/frontend/src/shared/contexts/user-context.js","/Users/wayneolson/dev/projects/contact-pro/frontend/src/shared/auth/auth0-provider-with-history.js","/Users/wayneolson/dev/projects/contact-pro/frontend/src/shared/components/UIElements/LoadingSpinner.js","/Users/wayneolson/dev/projects/contact-pro/frontend/src/shared/auth/protected-component.js","/Users/wayneolson/dev/projects/contact-pro/frontend/src/shared/hooks/http-hook.js","/Users/wayneolson/dev/projects/contact-pro/frontend/src/shared/components/UIElements/logo.js","/Users/wayneolson/dev/projects/contact-pro/frontend/src/shared/components/UIElements/profile-icon.js","/Users/wayneolson/dev/projects/contact-pro/frontend/src/shared/components/UIElements/Search.js","/Users/wayneolson/dev/projects/contact-pro/frontend/src/shared/components/layout/MainHeader.js","/Users/wayneolson/dev/projects/contact-pro/frontend/src/contacts/components/ContactsTableHead.js","/Users/wayneolson/dev/projects/contact-pro/frontend/src/contacts/components/ContactsTableToolbar.js","/Users/wayneolson/dev/projects/contact-pro/frontend/src/contacts/components/ContactsTable.js","/Users/wayneolson/dev/projects/contact-pro/frontend/src/contacts/views/Contacts.js","/Users/wayneolson/dev/projects/contact-pro/frontend/src/shared/components/UIElements/DeleteConfirmationModal.js","/Users/wayneolson/dev/projects/contact-pro/frontend/src/contacts/components/ContactHeader.js","/Users/wayneolson/dev/projects/contact-pro/frontend/src/shared/components/layout/Item.js","/Users/wayneolson/dev/projects/contact-pro/frontend/src/contacts/components/Icons.js","/Users/wayneolson/dev/projects/contact-pro/frontend/src/contacts/components/ContactDetails.js","/Users/wayneolson/dev/projects/contact-pro/frontend/src/shared/components/UIElements/DatePicker.js","/Users/wayneolson/dev/projects/contact-pro/frontend/src/contacts/components/ContactFrequencySelect.js","/Users/wayneolson/dev/projects/contact-pro/frontend/src/contacts/components/ContactRelationship.js","/Users/wayneolson/dev/projects/contact-pro/frontend/src/contacts/components/ContactCard.js","/Users/wayneolson/dev/projects/contact-pro/frontend/src/contacts/views/ContactById.js","/Users/wayneolson/dev/projects/contact-pro/frontend/src/shared/components/UIElements/ProfileImagePlaceholder.js","/Users/wayneolson/dev/projects/contact-pro/frontend/src/shared/components/FormElements/FormElements.js","/Users/wayneolson/dev/projects/contact-pro/frontend/src/contacts/components/TagSelect.js","/Users/wayneolson/dev/projects/contact-pro/frontend/src/contacts/components/ContactForm.js","/Users/wayneolson/dev/projects/contact-pro/frontend/src/contacts/views/NewContact.js","/Users/wayneolson/dev/projects/contact-pro/frontend/src/contacts/views/UpdateContact.js","/Users/wayneolson/dev/projects/contact-pro/frontend/src/contacts/components/DashboardContactCard.js","/Users/wayneolson/dev/projects/contact-pro/frontend/src/shared/components/UIElements/Login.js","/Users/wayneolson/dev/projects/contact-pro/frontend/src/contacts/views/Dashboard.js","/Users/wayneolson/dev/projects/contact-pro/frontend/src/App.js","/Users/wayneolson/dev/projects/contact-pro/frontend/src/index.js","/Users/wayneolson/dev/projects/contact-pro/frontend/src/users/components/UserProfileHeader.js","/Users/wayneolson/dev/projects/contact-pro/frontend/src/users/components/UserProfileDetails.js","/Users/wayneolson/dev/projects/contact-pro/frontend/src/users/components/UserProfileContactsData.js","/Users/wayneolson/dev/projects/contact-pro/frontend/src/users/components/UserProfileCard.js","/Users/wayneolson/dev/projects/contact-pro/frontend/src/users/views/UserProfile.js","/Users/wayneolson/Library/Caches/typescript/4.8/node_modules/@types/core-js/index.d.ts","/Users/wayneolson/Library/Caches/typescript/4.8/node_modules/@types/promise-polyfill/index.d.ts"],"compilerOptions":{"module":1,"target":3,"jsx":1,"allowJs":true,"allowSyntheticDefaultImports":true,"allowNonTsExtensions":true,"noEmitForJsFiles":true,"maxNodeModuleJsDepth":2},"typeAcquisition":{"enable":true,"include":[],"exclude":[]},"unresolvedImports":["abortcontroller-polyfill","core-js","promise-polyfill"],"projectRootPath":"/Users/wayneolson/dev/projects/contact-pro/frontend/src/users/views","kind":"discover"}
[12:54:01.266] Explicitly included types: []
[12:54:01.267] Inferred typings from unresolved imports: ["abortcontroller-polyfill","core-js","promise-polyfill"]
[12:54:01.267] Result: {"cachedTypingPaths":["/Users/wayneolson/Library/Caches/typescript/4.8/node_modules/@types/core-js/index.d.ts","/Users/wayneolson/Library/Caches/typescript/4.8/node_modules/@types/promise-polyfill/index.d.ts"],"newTypingNames":["abortcontroller-polyfill"],"filesToWatch":["/Users/wayneolson/dev/projects/contact-pro/frontend/src/shared/contexts/bower_components","/Users/wayneolson/dev/projects/contact-pro/frontend/src/shared/contexts/node_modules","/Users/wayneolson/dev/projects/contact-pro/frontend/src/shared/auth/bower_components","/Users/wayneolson/dev/projects/contact-pro/frontend/src/shared/auth/node_modules","/Users/wayneolson/dev/projects/contact-pro/frontend/src/shared/components/UIElements/bower_components","/Users/wayneolson/dev/projects/contact-pro/frontend/src/shared/components/UIElements/node_modules","/Users/wayneolson/dev/projects/contact-pro/frontend/src/shared/hooks/bower_components","/Users/wayneolson/dev/projects/contact-pro/frontend/src/shared/hooks/node_modules","/Users/wayneolson/dev/projects/contact-pro/frontend/src/shared/components/layout/bower_components","/Users/wayneolson/dev/projects/contact-pro/frontend/src/shared/components/layout/node_modules","/Users/wayneolson/dev/projects/contact-pro/frontend/src/contacts/components/bower_components","/Users/wayneolson/dev/projects/contact-pro/frontend/src/contacts/components/node_modules","/Users/wayneolson/dev/projects/contact-pro/frontend/src/contacts/views/bower_components","/Users/wayneolson/dev/projects/contact-pro/frontend/src/contacts/views/node_modules","/Users/wayneolson/dev/projects/contact-pro/frontend/src/shared/components/FormElements/bower_components","/Users/wayneolson/dev/projects/contact-pro/frontend/src/shared/components/FormElements/node_modules","/Users/wayneolson/dev/projects/contact-pro/frontend/src/bower_components","/Users/wayneolson/dev/projects/contact-pro/frontend/src/node_modules","/Users/wayneolson/dev/projects/contact-pro/frontend/src/users/components/bower_components","/Users/wayneolson/dev/projects/contact-pro/frontend/src/users/components/node_modules","/Users/wayneolson/dev/projects/contact-pro/frontend/src/users/views/bower_components","/Users/wayneolson/dev/projects/contact-pro/frontend/src/users/views/node_modules"]}
[12:54:01.267] Finished typings discovery: {"cachedTypingPaths":["/Users/wayneolson/Library/Caches/typescript/4.8/node_modules/@types/core-js/index.d.ts","/Users/wayneolson/Library/Caches/typescript/4.8/node_modules/@types/promise-polyfill/index.d.ts"],"newTypingNames":["abortcontroller-polyfill"],"filesToWatch":["/Users/wayneolson/dev/projects/contact-pro/frontend/src/shared/contexts/bower_components","/Users/wayneolson/dev/projects/contact-pro/frontend/src/shared/contexts/node_modules","/Users/wayneolson/dev/projects/contact-pro/frontend/src/shared/auth/bower_components","/Users/wayneolson/dev/projects/contact-pro/frontend/src/shared/auth/node_modules","/Users/wayneolson/dev/projects/contact-pro/frontend/src/shared/components/UIElements/bower_components","/Users/wayneolson/dev/projects/contact-pro/frontend/src/shared/components/UIElements/node_modules","/Users/wayneolson/dev/projects/contact-pro/frontend/src/shared/hooks/bower_components","/Users/wayneolson/dev/projects/contact-pro/frontend/src/shared/hooks/node_modules","/Users/wayneolson/dev/projects/contact-pro/frontend/src/shared/components/layout/bower_components","/Users/wayneolson/dev/projects/contact-pro/frontend/src/shared/components/layout/node_modules","/Users/wayneolson/dev/projects/contact-pro/frontend/src/contacts/components/bower_components","/Users/wayneolson/dev/projects/contact-pro/frontend/src/contacts/components/node_modules","/Users/wayneolson/dev/projects/contact-pro/frontend/src/contacts/views/bower_components","/Users/wayneolson/dev/projects/contact-pro/frontend/src/contacts/views/node_modules","/Users/wayneolson/dev/projects/contact-pro/frontend/src/shared/components/FormElements/bower_components","/Users/wayneolson/dev/projects/contact-pro/frontend/src/shared/components/FormElements/node_modules","/Users/wayneolson/dev/projects/contact-pro/frontend/src/bower_components","/Users/wayneolson/dev/projects/contact-pro/frontend/src/node_modules","/Users/wayneolson/dev/projects/contact-pro/frontend/src/users/components/bower_components","/Users/wayneolson/dev/projects/contact-pro/frontend/src/users/components/node_modules","/Users/wayneolson/dev/projects/contact-pro/frontend/src/users/views/bower_components","/Users/wayneolson/dev/projects/contact-pro/frontend/src/users/views/node_modules"]}
[12:54:01.267] DirectoryWatcher:: Added:: WatchInfo: /Users/wayneolson/dev/projects/contact-pro/frontend/src/shared/auth/bower_components
[12:54:01.267] DirectoryWatcher:: Added:: WatchInfo: /Users/wayneolson/dev/projects/contact-pro/frontend/src/shared/auth/bower_components 1 undefined Project: /dev/null/inferredProject1* watcher already invoked: false
[12:54:01.267] Elapsed:: 0.06062500178813934ms DirectoryWatcher:: Added:: WatchInfo: /Users/wayneolson/dev/projects/contact-pro/frontend/src/shared/auth/bower_components 1 undefined Project: /dev/null/inferredProject1* watcher already invoked: false
[12:54:01.267] DirectoryWatcher:: Added:: WatchInfo: /Users/wayneolson/dev/projects/contact-pro/frontend/src/shared/auth/node_modules
[12:54:01.267] DirectoryWatcher:: Added:: WatchInfo: /Users/wayneolson/dev/projects/contact-pro/frontend/src/shared/auth/node_modules 1 undefined Project: /dev/null/inferredProject1* watcher already invoked: false
[12:54:01.267] Elapsed:: 0.03700000047683716ms DirectoryWatcher:: Added:: WatchInfo: /Users/wayneolson/dev/projects/contact-pro/frontend/src/shared/auth/node_modules 1 undefined Project: /dev/null/inferredProject1* watcher already invoked: false
[12:54:01.267] DirectoryWatcher:: Added:: WatchInfo: /Users/wayneolson/dev/projects/contact-pro/frontend/src/contacts/components/bower_components
[12:54:01.268] DirectoryWatcher:: Added:: WatchInfo: /Users/wayneolson/dev/projects/contact-pro/frontend/src/contacts/components/bower_components 1 undefined Project: /dev/null/inferredProject1* watcher already invoked: false
[12:54:01.268] Elapsed:: 0.03725000470876694ms DirectoryWatcher:: Added:: WatchInfo: /Users/wayneolson/dev/projects/contact-pro/frontend/src/contacts/components/bower_components 1 undefined Project: /dev/null/inferredProject1* watcher already invoked: false
[12:54:01.268] DirectoryWatcher:: Added:: WatchInfo: /Users/wayneolson/dev/projects/contact-pro/frontend/src/contacts/components/node_modules
[12:54:01.268] DirectoryWatcher:: Added:: WatchInfo: /Users/wayneolson/dev/projects/contact-pro/frontend/src/contacts/components/node_modules 1 undefined Project: /dev/null/inferredProject1* watcher already invoked: false
[12:54:01.268] Elapsed:: 0.035457998514175415ms DirectoryWatcher:: Added:: WatchInfo: /Users/wayneolson/dev/projects/contact-pro/frontend/src/contacts/components/node_modules 1 undefined Project: /dev/null/inferredProject1* watcher already invoked: false
[12:54:01.268] DirectoryWatcher:: Added:: WatchInfo: /Users/wayneolson/dev/projects/contact-pro/frontend/src/contacts/views/bower_components
[12:54:01.268] DirectoryWatcher:: Added:: WatchInfo: /Users/wayneolson/dev/projects/contact-pro/frontend/src/contacts/views/bower_components 1 undefined Project: /dev/null/inferredProject1* watcher already invoked: false
[12:54:01.268] Elapsed:: 0.03529199957847595ms DirectoryWatcher:: Added:: WatchInfo: /Users/wayneolson/dev/projects/contact-pro/frontend/src/contacts/views/bower_components 1 undefined Project: /dev/null/inferredProject1* watcher already invoked: false
[12:54:01.268] DirectoryWatcher:: Added:: WatchInfo: /Users/wayneolson/dev/projects/contact-pro/frontend/src/contacts/views/node_modules
[12:54:01.268] DirectoryWatcher:: Added:: WatchInfo: /Users/wayneolson/dev/projects/contact-pro/frontend/src/contacts/views/node_modules 1 undefined Project: /dev/null/inferredProject1* watcher already invoked: false
[12:54:01.268] Elapsed:: 0.03616700321435928ms DirectoryWatcher:: Added:: WatchInfo: /Users/wayneolson/dev/projects/contact-pro/frontend/src/contacts/views/node_modules 1 undefined Project: /dev/null/inferredProject1* watcher already invoked: false
[12:54:01.268] DirectoryWatcher:: Added:: WatchInfo: /Users/wayneolson/dev/projects/contact-pro/frontend/src/shared/components/FormElements/bower_components
[12:54:01.268] DirectoryWatcher:: Added:: WatchInfo: /Users/wayneolson/dev/projects/contact-pro/frontend/src/shared/components/FormElements/bower_components 1 undefined Project: /dev/null/inferredProject1* watcher already invoked: false
[12:54:01.268] Elapsed:: 0.0343329980969429ms DirectoryWatcher:: Added:: WatchInfo: /Users/wayneolson/dev/projects/contact-pro/frontend/src/shared/components/FormElements/bower_components 1 undefined Project: /dev/null/inferredProject1* watcher already invoked: false
[12:54:01.268] DirectoryWatcher:: Added:: WatchInfo: /Users/wayneolson/dev/projects/contact-pro/frontend/src/shared/components/FormElements/node_modules
[12:54:01.268] DirectoryWatcher:: Added:: WatchInfo: /Users/wayneolson/dev/projects/contact-pro/frontend/src/shared/components/FormElements/node_modules 1 undefined Project: /dev/null/inferredProject1* watcher already invoked: false
[12:54:01.268] Elapsed:: 0.03154100477695465ms DirectoryWatcher:: Added:: WatchInfo: /Users/wayneolson/dev/projects/contact-pro/frontend/src/shared/components/FormElements/node_modules 1 undefined Project: /dev/null/inferredProject1* watcher already invoked: false
[12:54:01.268] DirectoryWatcher:: Added:: WatchInfo: /Users/wayneolson/dev/projects/contact-pro/frontend/src/bower_components
[12:54:01.269] DirectoryWatcher:: Added:: WatchInfo: /Users/wayneolson/dev/projects/contact-pro/frontend/src/bower_components 1 undefined Project: /dev/null/inferredProject1* watcher already invoked: false
[12:54:01.269] Elapsed:: 0.023958995938301086ms DirectoryWatcher:: Added:: WatchInfo: /Users/wayneolson/dev/projects/contact-pro/frontend/src/bower_components 1 undefined Project: /dev/null/inferredProject1* watcher already invoked: false
[12:54:01.269] DirectoryWatcher:: Added:: WatchInfo: /Users/wayneolson/dev/projects/contact-pro/frontend/src/node_modules
[12:54:01.269] DirectoryWatcher:: Added:: WatchInfo: /Users/wayneolson/dev/projects/contact-pro/frontend/src/node_modules 1 undefined Project: /dev/null/inferredProject1* watcher already invoked: false
[12:54:01.269] Elapsed:: 0.022290997207164764ms DirectoryWatcher:: Added:: WatchInfo: /Users/wayneolson/dev/projects/contact-pro/frontend/src/node_modules 1 undefined Project: /dev/null/inferredProject1* watcher already invoked: false
[12:54:01.269] Installing typings ["abortcontroller-polyfill"]
[12:54:01.269] 'abortcontroller-polyfill':: Entry for package 'abortcontroller-polyfill' does not exist in local types registry - skipping...
[12:54:01.269] All typings are known to be missing or invalid - no need to install more typings
[12:54:01.269] Sending response:
    {"projectName":"/dev/null/inferredProject1*","typeAcquisition":{"enable":true,"include":[],"exclude":[]},"compilerOptions":{"module":1,"target":3,"jsx":1,"allowJs":true,"allowSyntheticDefaultImports":true,"allowNonTsExtensions":true,"noEmitForJsFiles":true,"maxNodeModuleJsDepth":2},"typings":["/Users/wayneolson/Library/Caches/typescript/4.8/node_modules/@types/core-js/index.d.ts","/Users/wayneolson/Library/Caches/typescript/4.8/node_modules/@types/promise-polyfill/index.d.ts"],"unresolvedImports":["abortcontroller-polyfill","core-js","promise-polyfill"],"kind":"action::set"}
[12:54:01.269] Response has been sent.
[12:54:09.652] Got install request {"projectName":"/dev/null/inferredProject1*","fileNames":["/Users/wayneolson/dev/projects/contact-pro/frontend/node_modules/typescript/lib/lib.es5.d.ts","/Users/wayneolson/dev/projects/contact-pro/frontend/node_modules/typescript/lib/lib.es2015.d.ts","/Users/wayneolson/dev/projects/contact-pro/frontend/node_modules/typescript/lib/lib.es2016.d.ts","/Users/wayneolson/dev/projects/contact-pro/frontend/node_modules/typescript/lib/lib.dom.d.ts","/Users/wayneolson/dev/projects/contact-pro/frontend/node_modules/typescript/lib/lib.dom.iterable.d.ts","/Users/wayneolson/dev/projects/contact-pro/frontend/node_modules/typescript/lib/lib.webworker.importscripts.d.ts","/Users/wayneolson/dev/projects/contact-pro/frontend/node_modules/typescript/lib/lib.scripthost.d.ts","/Users/wayneolson/dev/projects/contact-pro/frontend/node_modules/typescript/lib/lib.es2015.core.d.ts","/Users/wayneolson/dev/projects/contact-pro/frontend/node_modules/typescript/lib/lib.es2015.collection.d.ts","/Users/wayneolson/dev/projects/contact-pro/frontend/node_modules/typescript/lib/lib.es2015.generator.d.ts","/Users/wayneolson/dev/projects/contact-pro/frontend/node_modules/typescript/lib/lib.es2015.iterable.d.ts","/Users/wayneolson/dev/projects/contact-pro/frontend/node_modules/typescript/lib/lib.es2015.promise.d.ts","/Users/wayneolson/dev/projects/contact-pro/frontend/node_modules/typescript/lib/lib.es2015.proxy.d.ts","/Users/wayneolson/dev/projects/contact-pro/frontend/node_modules/typescript/lib/lib.es2015.reflect.d.ts","/Users/wayneolson/dev/projects/contact-pro/frontend/node_modules/typescript/lib/lib.es2015.symbol.d.ts","/Users/wayneolson/dev/projects/contact-pro/frontend/node_modules/typescript/lib/lib.es2015.symbol.wellknown.d.ts","/Users/wayneolson/dev/projects/contact-pro/frontend/node_modules/typescript/lib/lib.es2016.array.include.d.ts","/Users/wayneolson/dev/projects/contact-pro/frontend/node_modules/typescript/lib/lib.es2016.full.d.ts","/Users/wayneolson/dev/projects/contact-pro/frontend/src/shared/contexts/user-context.js","/Users/wayneolson/dev/projects/contact-pro/frontend/src/shared/hooks/http-hook.js","/Users/wayneolson/dev/projects/contact-pro/frontend/src/shared/components/UIElements/DeleteConfirmationModal.js","/Users/wayneolson/dev/projects/contact-pro/frontend/src/users/components/UserProfileHeader.js","/Users/wayneolson/dev/projects/contact-pro/frontend/src/shared/components/layout/Item.js","/Users/wayneolson/dev/projects/contact-pro/frontend/src/users/components/UserProfileDetails.js","/Users/wayneolson/dev/projects/contact-pro/frontend/src/users/components/UserProfileContactsData.js","/Users/wayneolson/dev/projects/contact-pro/frontend/src/users/components/UserProfileCard.js","/Users/wayneolson/dev/projects/contact-pro/frontend/src/users/views/UserProfile.js","/Users/wayneolson/Library/Caches/typescript/4.8/node_modules/@types/core-js/index.d.ts","/Users/wayneolson/Library/Caches/typescript/4.8/node_modules/@types/promise-polyfill/index.d.ts"],"compilerOptions":{"module":1,"target":3,"jsx":1,"allowJs":true,"allowSyntheticDefaultImports":true,"allowNonTsExtensions":true,"noEmitForJsFiles":true,"maxNodeModuleJsDepth":2},"typeAcquisition":{"enable":true,"include":[],"exclude":[]},"unresolvedImports":["abortcontroller-polyfill","core-js","promise-polyfill"],"projectRootPath":"/Users/wayneolson/dev/projects/contact-pro/frontend/src/users/views","kind":"discover"}
[12:54:09.652] Explicitly included types: []
[12:54:09.653] Inferred typings from unresolved imports: ["abortcontroller-polyfill","core-js","promise-polyfill"]
[12:54:09.653] Result: {"cachedTypingPaths":["/Users/wayneolson/Library/Caches/typescript/4.8/node_modules/@types/core-js/index.d.ts","/Users/wayneolson/Library/Caches/typescript/4.8/node_modules/@types/promise-polyfill/index.d.ts"],"newTypingNames":["abortcontroller-polyfill"],"filesToWatch":["/Users/wayneolson/dev/projects/contact-pro/frontend/src/shared/contexts/bower_components","/Users/wayneolson/dev/projects/contact-pro/frontend/src/shared/contexts/node_modules","/Users/wayneolson/dev/projects/contact-pro/frontend/src/shared/hooks/bower_components","/Users/wayneolson/dev/projects/contact-pro/frontend/src/shared/hooks/node_modules","/Users/wayneolson/dev/projects/contact-pro/frontend/src/shared/components/UIElements/bower_components","/Users/wayneolson/dev/projects/contact-pro/frontend/src/shared/components/UIElements/node_modules","/Users/wayneolson/dev/projects/contact-pro/frontend/src/users/components/bower_components","/Users/wayneolson/dev/projects/contact-pro/frontend/src/users/components/node_modules","/Users/wayneolson/dev/projects/contact-pro/frontend/src/shared/components/layout/bower_components","/Users/wayneolson/dev/projects/contact-pro/frontend/src/shared/components/layout/node_modules","/Users/wayneolson/dev/projects/contact-pro/frontend/src/users/views/bower_components","/Users/wayneolson/dev/projects/contact-pro/frontend/src/users/views/node_modules"]}
[12:54:09.653] Finished typings discovery: {"cachedTypingPaths":["/Users/wayneolson/Library/Caches/typescript/4.8/node_modules/@types/core-js/index.d.ts","/Users/wayneolson/Library/Caches/typescript/4.8/node_modules/@types/promise-polyfill/index.d.ts"],"newTypingNames":["abortcontroller-polyfill"],"filesToWatch":["/Users/wayneolson/dev/projects/contact-pro/frontend/src/shared/contexts/bower_components","/Users/wayneolson/dev/projects/contact-pro/frontend/src/shared/contexts/node_modules","/Users/wayneolson/dev/projects/contact-pro/frontend/src/shared/hooks/bower_components","/Users/wayneolson/dev/projects/contact-pro/frontend/src/shared/hooks/node_modules","/Users/wayneolson/dev/projects/contact-pro/frontend/src/shared/components/UIElements/bower_components","/Users/wayneolson/dev/projects/contact-pro/frontend/src/shared/components/UIElements/node_modules","/Users/wayneolson/dev/projects/contact-pro/frontend/src/users/components/bower_components","/Users/wayneolson/dev/projects/contact-pro/frontend/src/users/components/node_modules","/Users/wayneolson/dev/projects/contact-pro/frontend/src/shared/components/layout/bower_components","/Users/wayneolson/dev/projects/contact-pro/frontend/src/shared/components/layout/node_modules","/Users/wayneolson/dev/projects/contact-pro/frontend/src/users/views/bower_components","/Users/wayneolson/dev/projects/contact-pro/frontend/src/users/views/node_modules"]}
[12:54:09.653] DirectoryWatcher:: Closed:: WatchInfo: /Users/wayneolson/dev/projects/contact-pro/frontend/src/shared/auth/bower_components
[12:54:09.653] DirectoryWatcher:: Close:: WatchInfo: /Users/wayneolson/dev/projects/contact-pro/frontend/src/shared/auth/bower_components 1 undefined Project: /dev/null/inferredProject1* watcher already invoked: false
[12:54:09.654] Elapsed:: 0.2172500044107437ms DirectoryWatcher:: Close:: WatchInfo: /Users/wayneolson/dev/projects/contact-pro/frontend/src/shared/auth/bower_components 1 undefined Project: /dev/null/inferredProject1* watcher already invoked: false
[12:54:09.654] DirectoryWatcher:: Closed:: WatchInfo: /Users/wayneolson/dev/projects/contact-pro/frontend/src/shared/auth/node_modules
[12:54:09.654] DirectoryWatcher:: Close:: WatchInfo: /Users/wayneolson/dev/projects/contact-pro/frontend/src/shared/auth/node_modules 1 undefined Project: /dev/null/inferredProject1* watcher already invoked: false
[12:54:09.654] Elapsed:: 0.025958001613616943ms DirectoryWatcher:: Close:: WatchInfo: /Users/wayneolson/dev/projects/contact-pro/frontend/src/shared/auth/node_modules 1 undefined Project: /dev/null/inferredProject1* watcher already invoked: false
[12:54:09.654] DirectoryWatcher:: Closed:: WatchInfo: /Users/wayneolson/dev/projects/contact-pro/frontend/src/contacts/components/bower_components
[12:54:09.654] DirectoryWatcher:: Close:: WatchInfo: /Users/wayneolson/dev/projects/contact-pro/frontend/src/contacts/components/bower_components 1 undefined Project: /dev/null/inferredProject1* watcher already invoked: false
[12:54:09.654] Elapsed:: 0.01874999701976776ms DirectoryWatcher:: Close:: WatchInfo: /Users/wayneolson/dev/projects/contact-pro/frontend/src/contacts/components/bower_components 1 undefined Project: /dev/null/inferredProject1* watcher already invoked: false
[12:54:09.654] DirectoryWatcher:: Closed:: WatchInfo: /Users/wayneolson/dev/projects/contact-pro/frontend/src/contacts/components/node_modules
[12:54:09.654] DirectoryWatcher:: Close:: WatchInfo: /Users/wayneolson/dev/projects/contact-pro/frontend/src/contacts/components/node_modules 1 undefined Project: /dev/null/inferredProject1* watcher already invoked: false
[12:54:09.654] Elapsed:: 0.017166994512081146ms DirectoryWatcher:: Close:: WatchInfo: /Users/wayneolson/dev/projects/contact-pro/frontend/src/contacts/components/node_modules 1 undefined Project: /dev/null/inferredProject1* watcher already invoked: false
[12:54:09.654] DirectoryWatcher:: Closed:: WatchInfo: /Users/wayneolson/dev/projects/contact-pro/frontend/src/contacts/views/bower_components
[12:54:09.654] DirectoryWatcher:: Close:: WatchInfo: /Users/wayneolson/dev/projects/contact-pro/frontend/src/contacts/views/bower_components 1 undefined Project: /dev/null/inferredProject1* watcher already invoked: false
[12:54:09.654] Elapsed:: 0.01545800268650055ms DirectoryWatcher:: Close:: WatchInfo: /Users/wayneolson/dev/projects/contact-pro/frontend/src/contacts/views/bower_components 1 undefined Project: /dev/null/inferredProject1* watcher already invoked: false
[12:54:09.654] DirectoryWatcher:: Closed:: WatchInfo: /Users/wayneolson/dev/projects/contact-pro/frontend/src/contacts/views/node_modules
[12:54:09.654] DirectoryWatcher:: Close:: WatchInfo: /Users/wayneolson/dev/projects/contact-pro/frontend/src/contacts/views/node_modules 1 undefined Project: /dev/null/inferredProject1* watcher already invoked: false
[12:54:09.654] Elapsed:: 0.018000006675720215ms DirectoryWatcher:: Close:: WatchInfo: /Users/wayneolson/dev/projects/contact-pro/frontend/src/contacts/views/node_modules 1 undefined Project: /dev/null/inferredProject1* watcher already invoked: false
[12:54:09.654] DirectoryWatcher:: Closed:: WatchInfo: /Users/wayneolson/dev/projects/contact-pro/frontend/src/shared/components/FormElements/bower_components
[12:54:09.655] DirectoryWatcher:: Close:: WatchInfo: /Users/wayneolson/dev/projects/contact-pro/frontend/src/shared/components/FormElements/bower_components 1 undefined Project: /dev/null/inferredProject1* watcher already invoked: false
[12:54:09.655] Elapsed:: 0.03400000184774399ms DirectoryWatcher:: Close:: WatchInfo: /Users/wayneolson/dev/projects/contact-pro/frontend/src/shared/components/FormElements/bower_components 1 undefined Project: /dev/null/inferredProject1* watcher already invoked: false
[12:54:09.655] DirectoryWatcher:: Closed:: WatchInfo: /Users/wayneolson/dev/projects/contact-pro/frontend/src/shared/components/FormElements/node_modules
[12:54:09.655] DirectoryWatcher:: Close:: WatchInfo: /Users/wayneolson/dev/projects/contact-pro/frontend/src/shared/components/FormElements/node_modules 1 undefined Project: /dev/null/inferredProject1* watcher already invoked: false
[12:54:09.655] Elapsed:: 0.028832994401454926ms DirectoryWatcher:: Close:: WatchInfo: /Users/wayneolson/dev/projects/contact-pro/frontend/src/shared/components/FormElements/node_modules 1 undefined Project: /dev/null/inferredProject1* watcher already invoked: false
[12:54:09.655] DirectoryWatcher:: Closed:: WatchInfo: /Users/wayneolson/dev/projects/contact-pro/frontend/src/bower_components
[12:54:09.655] DirectoryWatcher:: Close:: WatchInfo: /Users/wayneolson/dev/projects/contact-pro/frontend/src/bower_components 1 undefined Project: /dev/null/inferredProject1* watcher already invoked: false
[12:54:09.655] Elapsed:: 0.01933400332927704ms DirectoryWatcher:: Close:: WatchInfo: /Users/wayneolson/dev/projects/contact-pro/frontend/src/bower_components 1 undefined Project: /dev/null/inferredProject1* watcher already invoked: false
[12:54:09.655] DirectoryWatcher:: Closed:: WatchInfo: /Users/wayneolson/dev/projects/contact-pro/frontend/src/node_modules
[12:54:09.655] DirectoryWatcher:: Close:: WatchInfo: /Users/wayneolson/dev/projects/contact-pro/frontend/src/node_modules 1 undefined Project: /dev/null/inferredProject1* watcher already invoked: false
[12:54:09.655] Elapsed:: 0.018874995410442352ms DirectoryWatcher:: Close:: WatchInfo: /Users/wayneolson/dev/projects/contact-pro/frontend/src/node_modules 1 undefined Project: /dev/null/inferredProject1* watcher already invoked: false
[12:54:09.655] Installing typings ["abortcontroller-polyfill"]
[12:54:09.655] 'abortcontroller-polyfill':: Entry for package 'abortcontroller-polyfill' does not exist in local types registry - skipping...
[12:54:09.655] All typings are known to be missing or invalid - no need to install more typings
[12:54:09.655] Sending response:
    {"projectName":"/dev/null/inferredProject1*","typeAcquisition":{"enable":true,"include":[],"exclude":[]},"compilerOptions":{"module":1,"target":3,"jsx":1,"allowJs":true,"allowSyntheticDefaultImports":true,"allowNonTsExtensions":true,"noEmitForJsFiles":true,"maxNodeModuleJsDepth":2},"typings":["/Users/wayneolson/Library/Caches/typescript/4.8/node_modules/@types/core-js/index.d.ts","/Users/wayneolson/Library/Caches/typescript/4.8/node_modules/@types/promise-polyfill/index.d.ts"],"unresolvedImports":["abortcontroller-polyfill","core-js","promise-polyfill"],"kind":"action::set"}
[12:54:09.655] Response has been sent.
[15:01:28.045] Parent process has exited, shutting down...
