[15:53:45.766] Global cache location '/Users/wayneolson/Library/Caches/typescript/4.8', safe file path '/users/wayneolson/dev/projects/contact-pro/frontend/node_modules/typescript/lib/typingsafelist.json', types map path /users/wayneolson/dev/projects/contact-pro/frontend/node_modules/typescript/lib/typesmap.json
[15:53:45.767] Processing cache location '/Users/wayneolson/Library/Caches/typescript/4.8'
[15:53:45.767] Trying to find '/Users/wayneolson/Library/Caches/typescript/4.8/package.json'...
[15:53:45.770] Loaded content of '/Users/wayneolson/Library/Caches/typescript/4.8/package.json': {"private":true,"dependencies":{"types-registry":"^0.1.616"},"devDependencies":{"@types/autosuggest-highlight":"^3.2.0","@types/babel__core":"^7.1.19","@types/babel__preset-env":"^7.9.2","@types/babel-plugin-macros":"^2.8.5","@types/bcrypt":"^5.0.0","@types/bcryptjs":"^2.4.2","@types/body":"^5.1.1","@types/body-parser":"^1.19.2","@types/busboy":"^1.5.0","@types/bytes":"^3.1.1","@types/chai":"^4.3.3","@types/concat-stream":"^2.0.0","@types/content-type":"^1.1.5","@types/copyfiles":"^2.4.1","@types/core-js":"^2.5.5","@types/debug":"^4.1.7","@types/deep-extend":"^0.4.32","@types/depd":"^1.1.32","@types/end-of-stream":"^1.4.1","@types/eslint":"^8.4.8","@types/eslint-config-prettier":"^6.11.0","@types/express":"^4.17.14","@types/fast-text-encoding":"^1.0.1","@types/figlet":"^1.5.5","@types/file-loader":"^5.0.1","@types/gatsbyjs__reach-router":"^1.3.0","@types/graceful-fs":"^4.1.5","@types/http-cache-semantics":"^4.0.1","@types/http-errors":"^1.8.2","@types/inherits":"^0.0.30","@types/ini":"^1.3.31","@types/json-buffer":"^3.0.0","@types/jsonwebtoken":"^8.5.9","@types/lodash":"^4.14.185","@types/lodash.foreach":"^4.5.7","@types/lodash.get":"^4.4.7","@types/lodash.merge":"^4.6.7","@types/merge-descriptors":"^1.0.1","@types/minimist":"^1.2.2","@types/mkdirp":"^1.0.2","@types/mocha":"^9.1.1","@types/mongoose-unique-validator":"^1.0.6","@types/mui-image":"^1.0.1","@types/multer":"^1.4.7","@types/nodemon":"^1.19.2","@types/object-assign":"^4.0.30","@types/ol":"^6.5.3","@types/once":"^1.4.0","@types/postcss-preset-env":"^7.7.0","@types/prismjs":"^1.26.0","@types/promise-polyfill":"^6.0.4","@types/prop-types":"^15.7.5","@types/pug":"^2.0.6","@types/pump":"^1.1.1","@types/qs":"^6.9.7","@types/rc":"^1.2.1","@types/react":"^18.0.21","@types/react-dom":"^18.0.6","@types/react-google-recaptcha":"^2.1.5","@types/react-helmet":"^6.1.5","@types/react-router":"^5.1.18","@types/react-router-dom":"^5.3.3","@types/react-transition-group":"^4.4.5","@types/registry-auth-token":"^4.2.1","@types/responselike":"^1.0.0","@types/rimraf":"^3.0.2","@types/sass":"^1.43.1","@types/sass-loader":"^8.0.3","@types/semver":"^7.3.12","@types/serve-static":"^1.15.0","@types/sinon":"^10.0.13","@types/sqlite3":"^3.1.8","@types/testing-library__jest-dom":"^5.14.5","@types/type-is":"^1.6.3","@types/uuid":"^8.3.4","@types/webpack":"^5.28.0","@types/xtend":"^4.0.4","@types/yallist":"^4.0.1"}}
[15:53:45.770] Loaded content of '/Users/wayneolson/Library/Caches/typescript/4.8/package-lock.json'
[15:53:45.776] Adding entry into typings cache: 'autosuggest-highlight' => '/Users/wayneolson/Library/Caches/typescript/4.8/node_modules/@types/autosuggest-highlight/index.d.ts'
[15:53:45.778] Adding entry into typings cache: 'babel__core' => '/Users/wayneolson/Library/Caches/typescript/4.8/node_modules/@types/babel__core/index.d.ts'
[15:53:45.779] Adding entry into typings cache: 'babel__preset-env' => '/Users/wayneolson/Library/Caches/typescript/4.8/node_modules/@types/babel__preset-env/index.d.ts'
[15:53:45.780] Adding entry into typings cache: 'babel-plugin-macros' => '/Users/wayneolson/Library/Caches/typescript/4.8/node_modules/@types/babel-plugin-macros/index.d.ts'
[15:53:45.782] Adding entry into typings cache: 'bcrypt' => '/Users/wayneolson/Library/Caches/typescript/4.8/node_modules/@types/bcrypt/index.d.ts'
[15:53:45.783] Adding entry into typings cache: 'bcryptjs' => '/Users/wayneolson/Library/Caches/typescript/4.8/node_modules/@types/bcryptjs/index.d.ts'
[15:53:45.784] Adding entry into typings cache: 'body' => '/Users/wayneolson/Library/Caches/typescript/4.8/node_modules/@types/body/index.d.ts'
[15:53:45.786] Adding entry into typings cache: 'body-parser' => '/Users/wayneolson/Library/Caches/typescript/4.8/node_modules/@types/body-parser/index.d.ts'
[15:53:45.788] Adding entry into typings cache: 'busboy' => '/Users/wayneolson/Library/Caches/typescript/4.8/node_modules/@types/busboy/index.d.ts'
[15:53:45.790] Adding entry into typings cache: 'bytes' => '/Users/wayneolson/Library/Caches/typescript/4.8/node_modules/@types/bytes/index.d.ts'
[15:53:45.791] Adding entry into typings cache: 'chai' => '/Users/wayneolson/Library/Caches/typescript/4.8/node_modules/@types/chai/index.d.ts'
[15:53:45.792] Adding entry into typings cache: 'concat-stream' => '/Users/wayneolson/Library/Caches/typescript/4.8/node_modules/@types/concat-stream/index.d.ts'
[15:53:45.793] Adding entry into typings cache: 'content-type' => '/Users/wayneolson/Library/Caches/typescript/4.8/node_modules/@types/content-type/index.d.ts'
[15:53:45.796] Adding entry into typings cache: 'copyfiles' => '/Users/wayneolson/Library/Caches/typescript/4.8/node_modules/@types/copyfiles/index.d.ts'
[15:53:45.797] Adding entry into typings cache: 'core-js' => '/Users/wayneolson/Library/Caches/typescript/4.8/node_modules/@types/core-js/index.d.ts'
[15:53:45.800] Adding entry into typings cache: 'debug' => '/Users/wayneolson/Library/Caches/typescript/4.8/node_modules/@types/debug/index.d.ts'
[15:53:45.802] Adding entry into typings cache: 'deep-extend' => '/Users/wayneolson/Library/Caches/typescript/4.8/node_modules/@types/deep-extend/index.d.ts'
[15:53:45.802] Adding entry into typings cache: 'depd' => '/Users/wayneolson/Library/Caches/typescript/4.8/node_modules/@types/depd/index.d.ts'
[15:53:45.803] Adding entry into typings cache: 'end-of-stream' => '/Users/wayneolson/Library/Caches/typescript/4.8/node_modules/@types/end-of-stream/index.d.ts'
[15:53:45.805] Adding entry into typings cache: 'eslint' => '/Users/wayneolson/Library/Caches/typescript/4.8/node_modules/@types/eslint/index.d.ts'
[15:53:45.806] Adding entry into typings cache: 'eslint-config-prettier' => '/Users/wayneolson/Library/Caches/typescript/4.8/node_modules/@types/eslint-config-prettier/index.d.ts'
[15:53:45.807] Adding entry into typings cache: 'express' => '/Users/wayneolson/Library/Caches/typescript/4.8/node_modules/@types/express/index.d.ts'
[15:53:45.808] Adding entry into typings cache: 'fast-text-encoding' => '/Users/wayneolson/Library/Caches/typescript/4.8/node_modules/@types/fast-text-encoding/index.d.ts'
[15:53:45.810] Adding entry into typings cache: 'figlet' => '/Users/wayneolson/Library/Caches/typescript/4.8/node_modules/@types/figlet/index.d.ts'
[15:53:45.811] Adding entry into typings cache: 'file-loader' => '/Users/wayneolson/Library/Caches/typescript/4.8/node_modules/@types/file-loader/index.d.ts'
[15:53:45.812] Adding entry into typings cache: 'gatsbyjs__reach-router' => '/Users/wayneolson/Library/Caches/typescript/4.8/node_modules/@types/gatsbyjs__reach-router/index.d.ts'
[15:53:45.814] Adding entry into typings cache: 'graceful-fs' => '/Users/wayneolson/Library/Caches/typescript/4.8/node_modules/@types/graceful-fs/index.d.ts'
[15:53:45.816] Adding entry into typings cache: 'http-cache-semantics' => '/Users/wayneolson/Library/Caches/typescript/4.8/node_modules/@types/http-cache-semantics/index.d.ts'
[15:53:45.816] Adding entry into typings cache: 'http-errors' => '/Users/wayneolson/Library/Caches/typescript/4.8/node_modules/@types/http-errors/index.d.ts'
[15:53:45.818] Adding entry into typings cache: 'inherits' => '/Users/wayneolson/Library/Caches/typescript/4.8/node_modules/@types/inherits/index.d.ts'
[15:53:45.818] Adding entry into typings cache: 'ini' => '/Users/wayneolson/Library/Caches/typescript/4.8/node_modules/@types/ini/index.d.ts'
[15:53:45.819] Adding entry into typings cache: 'json-buffer' => '/Users/wayneolson/Library/Caches/typescript/4.8/node_modules/@types/json-buffer/index.d.ts'
[15:53:45.821] Adding entry into typings cache: 'jsonwebtoken' => '/Users/wayneolson/Library/Caches/typescript/4.8/node_modules/@types/jsonwebtoken/index.d.ts'
[15:53:45.823] Adding entry into typings cache: 'lodash' => '/Users/wayneolson/Library/Caches/typescript/4.8/node_modules/@types/lodash/index.d.ts'
[15:53:45.823] Adding entry into typings cache: 'lodash.foreach' => '/Users/wayneolson/Library/Caches/typescript/4.8/node_modules/@types/lodash.foreach/index.d.ts'
[15:53:45.825] Adding entry into typings cache: 'lodash.get' => '/Users/wayneolson/Library/Caches/typescript/4.8/node_modules/@types/lodash.get/index.d.ts'
[15:53:45.826] Adding entry into typings cache: 'lodash.merge' => '/Users/wayneolson/Library/Caches/typescript/4.8/node_modules/@types/lodash.merge/index.d.ts'
[15:53:45.826] Adding entry into typings cache: 'merge-descriptors' => '/Users/wayneolson/Library/Caches/typescript/4.8/node_modules/@types/merge-descriptors/index.d.ts'
[15:53:45.827] Adding entry into typings cache: 'minimist' => '/Users/wayneolson/Library/Caches/typescript/4.8/node_modules/@types/minimist/index.d.ts'
[15:53:45.828] Adding entry into typings cache: 'mkdirp' => '/Users/wayneolson/Library/Caches/typescript/4.8/node_modules/@types/mkdirp/index.d.ts'
[15:53:45.829] Adding entry into typings cache: 'mocha' => '/Users/wayneolson/Library/Caches/typescript/4.8/node_modules/@types/mocha/index.d.ts'
[15:53:45.829] Adding entry into typings cache: 'mongoose-unique-validator' => '/Users/wayneolson/Library/Caches/typescript/4.8/node_modules/@types/mongoose-unique-validator/index.d.ts'
[15:53:45.830] Adding entry into typings cache: 'mui-image' => '/Users/wayneolson/Library/Caches/typescript/4.8/node_modules/@types/mui-image/index.d.ts'
[15:53:45.831] Adding entry into typings cache: 'multer' => '/Users/wayneolson/Library/Caches/typescript/4.8/node_modules/@types/multer/index.d.ts'
[15:53:45.832] Adding entry into typings cache: 'nodemon' => '/Users/wayneolson/Library/Caches/typescript/4.8/node_modules/@types/nodemon/index.d.ts'
[15:53:45.833] Adding entry into typings cache: 'object-assign' => '/Users/wayneolson/Library/Caches/typescript/4.8/node_modules/@types/object-assign/index.d.ts'
[15:53:45.835] Adding entry into typings cache: 'ol' => '/Users/wayneolson/Library/Caches/typescript/4.8/node_modules/@types/ol/index.d.ts'
[15:53:45.835] Adding entry into typings cache: 'once' => '/Users/wayneolson/Library/Caches/typescript/4.8/node_modules/@types/once/index.d.ts'
[15:53:45.836] Adding entry into typings cache: 'postcss-preset-env' => '/Users/wayneolson/Library/Caches/typescript/4.8/node_modules/@types/postcss-preset-env/index.d.ts'
[15:53:45.837] Adding entry into typings cache: 'prismjs' => '/Users/wayneolson/Library/Caches/typescript/4.8/node_modules/@types/prismjs/index.d.ts'
[15:53:45.838] Adding entry into typings cache: 'promise-polyfill' => '/Users/wayneolson/Library/Caches/typescript/4.8/node_modules/@types/promise-polyfill/index.d.ts'
[15:53:45.838] Adding entry into typings cache: 'prop-types' => '/Users/wayneolson/Library/Caches/typescript/4.8/node_modules/@types/prop-types/index.d.ts'
[15:53:45.839] Adding entry into typings cache: 'pug' => '/Users/wayneolson/Library/Caches/typescript/4.8/node_modules/@types/pug/index.d.ts'
[15:53:45.840] Adding entry into typings cache: 'pump' => '/Users/wayneolson/Library/Caches/typescript/4.8/node_modules/@types/pump/index.d.ts'
[15:53:45.841] Adding entry into typings cache: 'qs' => '/Users/wayneolson/Library/Caches/typescript/4.8/node_modules/@types/qs/index.d.ts'
[15:53:45.841] Adding entry into typings cache: 'rc' => '/Users/wayneolson/Library/Caches/typescript/4.8/node_modules/@types/rc/index.d.ts'
[15:53:45.844] Adding entry into typings cache: 'react' => '/Users/wayneolson/Library/Caches/typescript/4.8/node_modules/@types/react/index.d.ts'
[15:53:45.845] Adding entry into typings cache: 'react-dom' => '/Users/wayneolson/Library/Caches/typescript/4.8/node_modules/@types/react-dom/index.d.ts'
[15:53:45.847] Adding entry into typings cache: 'react-google-recaptcha' => '/Users/wayneolson/Library/Caches/typescript/4.8/node_modules/@types/react-google-recaptcha/index.d.ts'
[15:53:45.848] Adding entry into typings cache: 'react-helmet' => '/Users/wayneolson/Library/Caches/typescript/4.8/node_modules/@types/react-helmet/index.d.ts'
[15:53:45.849] Adding entry into typings cache: 'react-router' => '/Users/wayneolson/Library/Caches/typescript/4.8/node_modules/@types/react-router/index.d.ts'
[15:53:45.850] Adding entry into typings cache: 'react-router-dom' => '/Users/wayneolson/Library/Caches/typescript/4.8/node_modules/@types/react-router-dom/index.d.ts'
[15:53:45.851] Adding entry into typings cache: 'react-transition-group' => '/Users/wayneolson/Library/Caches/typescript/4.8/node_modules/@types/react-transition-group/index.d.ts'
[15:53:45.852] Adding entry into typings cache: 'registry-auth-token' => '/Users/wayneolson/Library/Caches/typescript/4.8/node_modules/@types/registry-auth-token/index.d.ts'
[15:53:45.852] Adding entry into typings cache: 'responselike' => '/Users/wayneolson/Library/Caches/typescript/4.8/node_modules/@types/responselike/index.d.ts'
[15:53:45.853] Adding entry into typings cache: 'rimraf' => '/Users/wayneolson/Library/Caches/typescript/4.8/node_modules/@types/rimraf/index.d.ts'
[15:53:45.854] Adding entry into typings cache: 'sass' => '/Users/wayneolson/Library/Caches/typescript/4.8/node_modules/@types/sass/index.d.ts'
[15:53:45.855] Adding entry into typings cache: 'sass-loader' => '/Users/wayneolson/Library/Caches/typescript/4.8/node_modules/@types/sass-loader/index.d.ts'
[15:53:45.855] Adding entry into typings cache: 'semver' => '/Users/wayneolson/Library/Caches/typescript/4.8/node_modules/@types/semver/index.d.ts'
[15:53:45.856] Adding entry into typings cache: 'serve-static' => '/Users/wayneolson/Library/Caches/typescript/4.8/node_modules/@types/serve-static/index.d.ts'
[15:53:45.857] Adding entry into typings cache: 'sinon' => '/Users/wayneolson/Library/Caches/typescript/4.8/node_modules/@types/sinon/index.d.ts'
[15:53:45.858] Adding entry into typings cache: 'sqlite3' => '/Users/wayneolson/Library/Caches/typescript/4.8/node_modules/@types/sqlite3/index.d.ts'
[15:53:45.859] Adding entry into typings cache: 'testing-library__jest-dom' => '/Users/wayneolson/Library/Caches/typescript/4.8/node_modules/@types/testing-library__jest-dom/index.d.ts'
[15:53:45.860] Adding entry into typings cache: 'type-is' => '/Users/wayneolson/Library/Caches/typescript/4.8/node_modules/@types/type-is/index.d.ts'
[15:53:45.861] Adding entry into typings cache: 'uuid' => '/Users/wayneolson/Library/Caches/typescript/4.8/node_modules/@types/uuid/index.d.ts'
[15:53:45.863] Adding entry into typings cache: 'webpack' => '/Users/wayneolson/Library/Caches/typescript/4.8/node_modules/webpack/types.d.ts'
[15:53:45.864] Adding entry into typings cache: 'xtend' => '/Users/wayneolson/Library/Caches/typescript/4.8/node_modules/@types/xtend/index.d.ts'
[15:53:45.865] Adding entry into typings cache: 'yallist' => '/Users/wayneolson/Library/Caches/typescript/4.8/node_modules/@types/yallist/index.d.ts'
[15:53:45.865] Finished processing cache location '/Users/wayneolson/Library/Caches/typescript/4.8'
[15:53:45.865] Process id: 4699
[15:53:45.865] NPM location: /Users/wayneolson/.nvm/versions/node/v14.17.4/bin/npm (explicit '--npmLocation' not  provided)
[15:53:45.865] validateDefaultNpmLocation: false
[15:53:45.865] Npm config file: /Users/wayneolson/Library/Caches/typescript/4.8/package.json
[15:53:45.865] Updating types-registry npm package...
[15:53:45.865] Exec: /Users/wayneolson/.nvm/versions/node/v14.17.4/bin/npm install --ignore-scripts types-registry@latest
[15:53:46.643]     Succeeded. stdout:
    
    up to date, audited 270 packages in 516ms

20 packages are looking for funding
  run `npm fund` for details

found 0 vulnerabilities

[15:53:46.643] Updated types-registry npm package
[15:53:47.699] Got install request {"projectName":"/dev/null/inferredProject1*","fileNames":["/Users/wayneolson/dev/projects/contact-pro/frontend/node_modules/typescript/lib/lib.es5.d.ts","/Users/wayneolson/dev/projects/contact-pro/frontend/node_modules/typescript/lib/lib.es2015.d.ts","/Users/wayneolson/dev/projects/contact-pro/frontend/node_modules/typescript/lib/lib.es2016.d.ts","/Users/wayneolson/dev/projects/contact-pro/frontend/node_modules/typescript/lib/lib.dom.d.ts","/Users/wayneolson/dev/projects/contact-pro/frontend/node_modules/typescript/lib/lib.dom.iterable.d.ts","/Users/wayneolson/dev/projects/contact-pro/frontend/node_modules/typescript/lib/lib.webworker.importscripts.d.ts","/Users/wayneolson/dev/projects/contact-pro/frontend/node_modules/typescript/lib/lib.scripthost.d.ts","/Users/wayneolson/dev/projects/contact-pro/frontend/node_modules/typescript/lib/lib.es2015.core.d.ts","/Users/wayneolson/dev/projects/contact-pro/frontend/node_modules/typescript/lib/lib.es2015.collection.d.ts","/Users/wayneolson/dev/projects/contact-pro/frontend/node_modules/typescript/lib/lib.es2015.generator.d.ts","/Users/wayneolson/dev/projects/contact-pro/frontend/node_modules/typescript/lib/lib.es2015.iterable.d.ts","/Users/wayneolson/dev/projects/contact-pro/frontend/node_modules/typescript/lib/lib.es2015.promise.d.ts","/Users/wayneolson/dev/projects/contact-pro/frontend/node_modules/typescript/lib/lib.es2015.proxy.d.ts","/Users/wayneolson/dev/projects/contact-pro/frontend/node_modules/typescript/lib/lib.es2015.reflect.d.ts","/Users/wayneolson/dev/projects/contact-pro/frontend/node_modules/typescript/lib/lib.es2015.symbol.d.ts","/Users/wayneolson/dev/projects/contact-pro/frontend/node_modules/typescript/lib/lib.es2015.symbol.wellknown.d.ts","/Users/wayneolson/dev/projects/contact-pro/frontend/node_modules/typescript/lib/lib.es2016.array.include.d.ts","/Users/wayneolson/dev/projects/contact-pro/frontend/node_modules/typescript/lib/lib.es2016.full.d.ts","/Users/wayneolson/dev/projects/contact-pro/frontend/src/shared/hooks/http-hook.js","/Users/wayneolson/dev/projects/contact-pro/frontend/src/shared/contexts/user-context.js","/Users/wayneolson/dev/projects/contact-pro/frontend/src/shared/components/UIElements/DeleteConfirmationModal.js","/Users/wayneolson/dev/projects/contact-pro/frontend/src/contacts/components/ContactHeader.js","/Users/wayneolson/dev/projects/contact-pro/frontend/src/shared/components/layout/Item.js","/Users/wayneolson/dev/projects/contact-pro/frontend/src/contacts/components/Icons.js","/Users/wayneolson/dev/projects/contact-pro/frontend/src/contacts/components/ContactDetails.js","/Users/wayneolson/dev/projects/contact-pro/frontend/src/shared/components/UIElements/DatePicker.js","/Users/wayneolson/dev/projects/contact-pro/frontend/src/contacts/components/ContactFrequencySelect.js","/Users/wayneolson/dev/projects/contact-pro/frontend/src/contacts/components/ContactRelationship.js","/Users/wayneolson/dev/projects/contact-pro/frontend/src/contacts/components/ContactCard.js","/Users/wayneolson/dev/projects/contact-pro/frontend/src/contacts/views/ContactById.js"],"compilerOptions":{"module":1,"target":3,"jsx":1,"allowJs":true,"allowSyntheticDefaultImports":true,"allowNonTsExtensions":true,"noEmitForJsFiles":true,"maxNodeModuleJsDepth":2},"typeAcquisition":{"enable":true,"include":[],"exclude":[]},"unresolvedImports":[],"projectRootPath":"/Users/wayneolson/dev/projects/contact-pro/frontend/src/contacts/views","kind":"discover"}
[15:53:47.706] Loaded safelist from types map file '/users/wayneolson/dev/projects/contact-pro/frontend/node_modules/typescript/lib/typesmap.json'
[15:53:47.706] Explicitly included types: []
[15:53:47.706] Inferred typings from unresolved imports: []
[15:53:47.707] Result: {"cachedTypingPaths":[],"newTypingNames":[],"filesToWatch":["/Users/wayneolson/dev/projects/contact-pro/frontend/src/shared/hooks/bower_components","/Users/wayneolson/dev/projects/contact-pro/frontend/src/shared/hooks/node_modules","/Users/wayneolson/dev/projects/contact-pro/frontend/src/shared/contexts/bower_components","/Users/wayneolson/dev/projects/contact-pro/frontend/src/shared/contexts/node_modules","/Users/wayneolson/dev/projects/contact-pro/frontend/src/shared/components/UIElements/bower_components","/Users/wayneolson/dev/projects/contact-pro/frontend/src/shared/components/UIElements/node_modules","/Users/wayneolson/dev/projects/contact-pro/frontend/src/contacts/components/bower_components","/Users/wayneolson/dev/projects/contact-pro/frontend/src/contacts/components/node_modules","/Users/wayneolson/dev/projects/contact-pro/frontend/src/shared/components/layout/bower_components","/Users/wayneolson/dev/projects/contact-pro/frontend/src/shared/components/layout/node_modules","/Users/wayneolson/dev/projects/contact-pro/frontend/src/contacts/views/bower_components","/Users/wayneolson/dev/projects/contact-pro/frontend/src/contacts/views/node_modules"]}
[15:53:47.707] Finished typings discovery: {"cachedTypingPaths":[],"newTypingNames":[],"filesToWatch":["/Users/wayneolson/dev/projects/contact-pro/frontend/src/shared/hooks/bower_components","/Users/wayneolson/dev/projects/contact-pro/frontend/src/shared/hooks/node_modules","/Users/wayneolson/dev/projects/contact-pro/frontend/src/shared/contexts/bower_components","/Users/wayneolson/dev/projects/contact-pro/frontend/src/shared/contexts/node_modules","/Users/wayneolson/dev/projects/contact-pro/frontend/src/shared/components/UIElements/bower_components","/Users/wayneolson/dev/projects/contact-pro/frontend/src/shared/components/UIElements/node_modules","/Users/wayneolson/dev/projects/contact-pro/frontend/src/contacts/components/bower_components","/Users/wayneolson/dev/projects/contact-pro/frontend/src/contacts/components/node_modules","/Users/wayneolson/dev/projects/contact-pro/frontend/src/shared/components/layout/bower_components","/Users/wayneolson/dev/projects/contact-pro/frontend/src/shared/components/layout/node_modules","/Users/wayneolson/dev/projects/contact-pro/frontend/src/contacts/views/bower_components","/Users/wayneolson/dev/projects/contact-pro/frontend/src/contacts/views/node_modules"]}
[15:53:47.707] DirectoryWatcher:: Added:: WatchInfo: /Users/wayneolson/dev/projects/contact-pro/frontend/src/shared/hooks/bower_components
[15:53:47.707] DirectoryWatcher:: Added:: WatchInfo: /Users/wayneolson/dev/projects/contact-pro/frontend/src/shared/hooks/bower_components 1 undefined Project: /dev/null/inferredProject1* watcher already invoked: false
[15:53:47.708] Elapsed:: 0.5945830000564456ms DirectoryWatcher:: Added:: WatchInfo: /Users/wayneolson/dev/projects/contact-pro/frontend/src/shared/hooks/bower_components 1 undefined Project: /dev/null/inferredProject1* watcher already invoked: false
[15:53:47.708] DirectoryWatcher:: Added:: WatchInfo: /Users/wayneolson/dev/projects/contact-pro/frontend/src/shared/hooks/node_modules
[15:53:47.708] DirectoryWatcher:: Added:: WatchInfo: /Users/wayneolson/dev/projects/contact-pro/frontend/src/shared/hooks/node_modules 1 undefined Project: /dev/null/inferredProject1* watcher already invoked: false
[15:53:47.708] Elapsed:: 0.05308300070464611ms DirectoryWatcher:: Added:: WatchInfo: /Users/wayneolson/dev/projects/contact-pro/frontend/src/shared/hooks/node_modules 1 undefined Project: /dev/null/inferredProject1* watcher already invoked: false
[15:53:47.708] DirectoryWatcher:: Added:: WatchInfo: /Users/wayneolson/dev/projects/contact-pro/frontend/src/shared/contexts/bower_components
[15:53:47.708] DirectoryWatcher:: Added:: WatchInfo: /Users/wayneolson/dev/projects/contact-pro/frontend/src/shared/contexts/bower_components 1 undefined Project: /dev/null/inferredProject1* watcher already invoked: false
[15:53:47.708] Elapsed:: 0.0381249999627471ms DirectoryWatcher:: Added:: WatchInfo: /Users/wayneolson/dev/projects/contact-pro/frontend/src/shared/contexts/bower_components 1 undefined Project: /dev/null/inferredProject1* watcher already invoked: false
[15:53:47.708] DirectoryWatcher:: Added:: WatchInfo: /Users/wayneolson/dev/projects/contact-pro/frontend/src/shared/contexts/node_modules
[15:53:47.708] DirectoryWatcher:: Added:: WatchInfo: /Users/wayneolson/dev/projects/contact-pro/frontend/src/shared/contexts/node_modules 1 undefined Project: /dev/null/inferredProject1* watcher already invoked: false
[15:53:47.709] Elapsed:: 0.03229099977761507ms DirectoryWatcher:: Added:: WatchInfo: /Users/wayneolson/dev/projects/contact-pro/frontend/src/shared/contexts/node_modules 1 undefined Project: /dev/null/inferredProject1* watcher already invoked: false
[15:53:47.709] DirectoryWatcher:: Added:: WatchInfo: /Users/wayneolson/dev/projects/contact-pro/frontend/src/shared/components/UIElements/bower_components
[15:53:47.709] DirectoryWatcher:: Added:: WatchInfo: /Users/wayneolson/dev/projects/contact-pro/frontend/src/shared/components/UIElements/bower_components 1 undefined Project: /dev/null/inferredProject1* watcher already invoked: false
[15:53:47.709] Elapsed:: 0.03579199966043234ms DirectoryWatcher:: Added:: WatchInfo: /Users/wayneolson/dev/projects/contact-pro/frontend/src/shared/components/UIElements/bower_components 1 undefined Project: /dev/null/inferredProject1* watcher already invoked: false
[15:53:47.709] DirectoryWatcher:: Added:: WatchInfo: /Users/wayneolson/dev/projects/contact-pro/frontend/src/shared/components/UIElements/node_modules
[15:53:47.709] DirectoryWatcher:: Added:: WatchInfo: /Users/wayneolson/dev/projects/contact-pro/frontend/src/shared/components/UIElements/node_modules 1 undefined Project: /dev/null/inferredProject1* watcher already invoked: false
[15:53:47.709] Elapsed:: 0.034500000067055225ms DirectoryWatcher:: Added:: WatchInfo: /Users/wayneolson/dev/projects/contact-pro/frontend/src/shared/components/UIElements/node_modules 1 undefined Project: /dev/null/inferredProject1* watcher already invoked: false
[15:53:47.709] DirectoryWatcher:: Added:: WatchInfo: /Users/wayneolson/dev/projects/contact-pro/frontend/src/contacts/components/bower_components
[15:53:47.709] DirectoryWatcher:: Added:: WatchInfo: /Users/wayneolson/dev/projects/contact-pro/frontend/src/contacts/components/bower_components 1 undefined Project: /dev/null/inferredProject1* watcher already invoked: false
[15:53:47.709] Elapsed:: 0.036958999931812286ms DirectoryWatcher:: Added:: WatchInfo: /Users/wayneolson/dev/projects/contact-pro/frontend/src/contacts/components/bower_components 1 undefined Project: /dev/null/inferredProject1* watcher already invoked: false
[15:53:47.709] DirectoryWatcher:: Added:: WatchInfo: /Users/wayneolson/dev/projects/contact-pro/frontend/src/contacts/components/node_modules
[15:53:47.709] DirectoryWatcher:: Added:: WatchInfo: /Users/wayneolson/dev/projects/contact-pro/frontend/src/contacts/components/node_modules 1 undefined Project: /dev/null/inferredProject1* watcher already invoked: false
[15:53:47.709] Elapsed:: 0.030875000171363354ms DirectoryWatcher:: Added:: WatchInfo: /Users/wayneolson/dev/projects/contact-pro/frontend/src/contacts/components/node_modules 1 undefined Project: /dev/null/inferredProject1* watcher already invoked: false
[15:53:47.709] DirectoryWatcher:: Added:: WatchInfo: /Users/wayneolson/dev/projects/contact-pro/frontend/src/shared/components/layout/bower_components
[15:53:47.709] DirectoryWatcher:: Added:: WatchInfo: /Users/wayneolson/dev/projects/contact-pro/frontend/src/shared/components/layout/bower_components 1 undefined Project: /dev/null/inferredProject1* watcher already invoked: false
[15:53:47.709] Elapsed:: 0.03754200041294098ms DirectoryWatcher:: Added:: WatchInfo: /Users/wayneolson/dev/projects/contact-pro/frontend/src/shared/components/layout/bower_components 1 undefined Project: /dev/null/inferredProject1* watcher already invoked: false
[15:53:47.709] DirectoryWatcher:: Added:: WatchInfo: /Users/wayneolson/dev/projects/contact-pro/frontend/src/shared/components/layout/node_modules
[15:53:47.709] DirectoryWatcher:: Added:: WatchInfo: /Users/wayneolson/dev/projects/contact-pro/frontend/src/shared/components/layout/node_modules 1 undefined Project: /dev/null/inferredProject1* watcher already invoked: false
[15:53:47.709] Elapsed:: 0.03116600029170513ms DirectoryWatcher:: Added:: WatchInfo: /Users/wayneolson/dev/projects/contact-pro/frontend/src/shared/components/layout/node_modules 1 undefined Project: /dev/null/inferredProject1* watcher already invoked: false
[15:53:47.709] DirectoryWatcher:: Added:: WatchInfo: /Users/wayneolson/dev/projects/contact-pro/frontend/src/contacts/views/bower_components
[15:53:47.709] DirectoryWatcher:: Added:: WatchInfo: /Users/wayneolson/dev/projects/contact-pro/frontend/src/contacts/views/bower_components 1 undefined Project: /dev/null/inferredProject1* watcher already invoked: false
[15:53:47.710] Elapsed:: 0.02954200003296137ms DirectoryWatcher:: Added:: WatchInfo: /Users/wayneolson/dev/projects/contact-pro/frontend/src/contacts/views/bower_components 1 undefined Project: /dev/null/inferredProject1* watcher already invoked: false
[15:53:47.710] DirectoryWatcher:: Added:: WatchInfo: /Users/wayneolson/dev/projects/contact-pro/frontend/src/contacts/views/node_modules
[15:53:47.710] DirectoryWatcher:: Added:: WatchInfo: /Users/wayneolson/dev/projects/contact-pro/frontend/src/contacts/views/node_modules 1 undefined Project: /dev/null/inferredProject1* watcher already invoked: false
[15:53:47.710] Elapsed:: 0.02858399972319603ms DirectoryWatcher:: Added:: WatchInfo: /Users/wayneolson/dev/projects/contact-pro/frontend/src/contacts/views/node_modules 1 undefined Project: /dev/null/inferredProject1* watcher already invoked: false
[15:53:47.710] Sending response:
    {"projectName":"/dev/null/inferredProject1*","typeAcquisition":{"enable":true,"include":[],"exclude":[]},"compilerOptions":{"module":1,"target":3,"jsx":1,"allowJs":true,"allowSyntheticDefaultImports":true,"allowNonTsExtensions":true,"noEmitForJsFiles":true,"maxNodeModuleJsDepth":2},"typings":[],"unresolvedImports":[],"kind":"action::set"}
[15:53:47.710] Response has been sent.
[15:53:47.710] No new typings were requested as a result of typings discovery
[16:03:23.252] Got install request {"projectName":"/dev/null/inferredProject2*","fileNames":["/Users/wayneolson/dev/projects/contact-pro/frontend/node_modules/typescript/lib/lib.es5.d.ts","/Users/wayneolson/dev/projects/contact-pro/frontend/node_modules/typescript/lib/lib.es2015.d.ts","/Users/wayneolson/dev/projects/contact-pro/frontend/node_modules/typescript/lib/lib.es2016.d.ts","/Users/wayneolson/dev/projects/contact-pro/frontend/node_modules/typescript/lib/lib.dom.d.ts","/Users/wayneolson/dev/projects/contact-pro/frontend/node_modules/typescript/lib/lib.dom.iterable.d.ts","/Users/wayneolson/dev/projects/contact-pro/frontend/node_modules/typescript/lib/lib.webworker.importscripts.d.ts","/Users/wayneolson/dev/projects/contact-pro/frontend/node_modules/typescript/lib/lib.scripthost.d.ts","/Users/wayneolson/dev/projects/contact-pro/frontend/node_modules/typescript/lib/lib.es2015.core.d.ts","/Users/wayneolson/dev/projects/contact-pro/frontend/node_modules/typescript/lib/lib.es2015.collection.d.ts","/Users/wayneolson/dev/projects/contact-pro/frontend/node_modules/typescript/lib/lib.es2015.generator.d.ts","/Users/wayneolson/dev/projects/contact-pro/frontend/node_modules/typescript/lib/lib.es2015.iterable.d.ts","/Users/wayneolson/dev/projects/contact-pro/frontend/node_modules/typescript/lib/lib.es2015.promise.d.ts","/Users/wayneolson/dev/projects/contact-pro/frontend/node_modules/typescript/lib/lib.es2015.proxy.d.ts","/Users/wayneolson/dev/projects/contact-pro/frontend/node_modules/typescript/lib/lib.es2015.reflect.d.ts","/Users/wayneolson/dev/projects/contact-pro/frontend/node_modules/typescript/lib/lib.es2015.symbol.d.ts","/Users/wayneolson/dev/projects/contact-pro/frontend/node_modules/typescript/lib/lib.es2015.symbol.wellknown.d.ts","/Users/wayneolson/dev/projects/contact-pro/frontend/node_modules/typescript/lib/lib.es2016.array.include.d.ts","/Users/wayneolson/dev/projects/contact-pro/frontend/node_modules/typescript/lib/lib.es2016.full.d.ts","/Users/wayneolson/dev/projects/contact-pro/frontend/src/shared/contexts/user-context.js","/Users/wayneolson/dev/projects/contact-pro/frontend/src/shared/hooks/http-hook.js","/Users/wayneolson/dev/projects/contact-pro/frontend/src/shared/components/UIElements/DeleteConfirmationModal.js","/Users/wayneolson/dev/projects/contact-pro/frontend/src/users/components/UserProfileHeader.js","/Users/wayneolson/dev/projects/contact-pro/frontend/src/shared/components/layout/Item.js","/Users/wayneolson/dev/projects/contact-pro/frontend/src/users/components/UserProfileDetails.js","/Users/wayneolson/dev/projects/contact-pro/frontend/src/users/components/UserProfileContactsData.js","/Users/wayneolson/dev/projects/contact-pro/frontend/src/users/components/UserProfileCard.js","/Users/wayneolson/dev/projects/contact-pro/frontend/src/users/views/UserProfile.js"],"compilerOptions":{"module":1,"target":3,"jsx":1,"allowJs":true,"allowSyntheticDefaultImports":true,"allowNonTsExtensions":true,"noEmitForJsFiles":true,"maxNodeModuleJsDepth":2},"typeAcquisition":{"enable":true,"include":[],"exclude":[]},"unresolvedImports":["abortcontroller-polyfill","core-js","promise-polyfill"],"projectRootPath":"/Users/wayneolson/dev/projects/contact-pro/frontend/src/users/views","kind":"discover"}
[16:03:23.254] Explicitly included types: []
[16:03:23.254] Inferred typings from unresolved imports: ["abortcontroller-polyfill","core-js","promise-polyfill"]
[16:03:23.254] Result: {"cachedTypingPaths":["/Users/wayneolson/Library/Caches/typescript/4.8/node_modules/@types/core-js/index.d.ts","/Users/wayneolson/Library/Caches/typescript/4.8/node_modules/@types/promise-polyfill/index.d.ts"],"newTypingNames":["abortcontroller-polyfill"],"filesToWatch":["/Users/wayneolson/dev/projects/contact-pro/frontend/src/shared/contexts/bower_components","/Users/wayneolson/dev/projects/contact-pro/frontend/src/shared/contexts/node_modules","/Users/wayneolson/dev/projects/contact-pro/frontend/src/shared/hooks/bower_components","/Users/wayneolson/dev/projects/contact-pro/frontend/src/shared/hooks/node_modules","/Users/wayneolson/dev/projects/contact-pro/frontend/src/shared/components/UIElements/bower_components","/Users/wayneolson/dev/projects/contact-pro/frontend/src/shared/components/UIElements/node_modules","/Users/wayneolson/dev/projects/contact-pro/frontend/src/users/components/bower_components","/Users/wayneolson/dev/projects/contact-pro/frontend/src/users/components/node_modules","/Users/wayneolson/dev/projects/contact-pro/frontend/src/shared/components/layout/bower_components","/Users/wayneolson/dev/projects/contact-pro/frontend/src/shared/components/layout/node_modules","/Users/wayneolson/dev/projects/contact-pro/frontend/src/users/views/bower_components","/Users/wayneolson/dev/projects/contact-pro/frontend/src/users/views/node_modules"]}
[16:03:23.254] Finished typings discovery: {"cachedTypingPaths":["/Users/wayneolson/Library/Caches/typescript/4.8/node_modules/@types/core-js/index.d.ts","/Users/wayneolson/Library/Caches/typescript/4.8/node_modules/@types/promise-polyfill/index.d.ts"],"newTypingNames":["abortcontroller-polyfill"],"filesToWatch":["/Users/wayneolson/dev/projects/contact-pro/frontend/src/shared/contexts/bower_components","/Users/wayneolson/dev/projects/contact-pro/frontend/src/shared/contexts/node_modules","/Users/wayneolson/dev/projects/contact-pro/frontend/src/shared/hooks/bower_components","/Users/wayneolson/dev/projects/contact-pro/frontend/src/shared/hooks/node_modules","/Users/wayneolson/dev/projects/contact-pro/frontend/src/shared/components/UIElements/bower_components","/Users/wayneolson/dev/projects/contact-pro/frontend/src/shared/components/UIElements/node_modules","/Users/wayneolson/dev/projects/contact-pro/frontend/src/users/components/bower_components","/Users/wayneolson/dev/projects/contact-pro/frontend/src/users/components/node_modules","/Users/wayneolson/dev/projects/contact-pro/frontend/src/shared/components/layout/bower_components","/Users/wayneolson/dev/projects/contact-pro/frontend/src/shared/components/layout/node_modules","/Users/wayneolson/dev/projects/contact-pro/frontend/src/users/views/bower_components","/Users/wayneolson/dev/projects/contact-pro/frontend/src/users/views/node_modules"]}
[16:03:23.254] DirectoryWatcher:: Added:: WatchInfo: /Users/wayneolson/dev/projects/contact-pro/frontend/src/shared/contexts/bower_components
[16:03:23.254] DirectoryWatcher:: Added:: WatchInfo: /Users/wayneolson/dev/projects/contact-pro/frontend/src/shared/contexts/bower_components 1 undefined Project: /dev/null/inferredProject2* watcher already invoked: false
[16:03:23.254] Elapsed:: 0.02691700030118227ms DirectoryWatcher:: Added:: WatchInfo: /Users/wayneolson/dev/projects/contact-pro/frontend/src/shared/contexts/bower_components 1 undefined Project: /dev/null/inferredProject2* watcher already invoked: false
[16:03:23.255] DirectoryWatcher:: Added:: WatchInfo: /Users/wayneolson/dev/projects/contact-pro/frontend/src/shared/contexts/node_modules
[16:03:23.255] DirectoryWatcher:: Added:: WatchInfo: /Users/wayneolson/dev/projects/contact-pro/frontend/src/shared/contexts/node_modules 1 undefined Project: /dev/null/inferredProject2* watcher already invoked: false
[16:03:23.255] Elapsed:: 0.014959000051021576ms DirectoryWatcher:: Added:: WatchInfo: /Users/wayneolson/dev/projects/contact-pro/frontend/src/shared/contexts/node_modules 1 undefined Project: /dev/null/inferredProject2* watcher already invoked: false
[16:03:23.255] DirectoryWatcher:: Added:: WatchInfo: /Users/wayneolson/dev/projects/contact-pro/frontend/src/shared/hooks/bower_components
[16:03:23.255] DirectoryWatcher:: Added:: WatchInfo: /Users/wayneolson/dev/projects/contact-pro/frontend/src/shared/hooks/bower_components 1 undefined Project: /dev/null/inferredProject2* watcher already invoked: false
[16:03:23.255] Elapsed:: 0.013042000122368336ms DirectoryWatcher:: Added:: WatchInfo: /Users/wayneolson/dev/projects/contact-pro/frontend/src/shared/hooks/bower_components 1 undefined Project: /dev/null/inferredProject2* watcher already invoked: false
[16:03:23.255] DirectoryWatcher:: Added:: WatchInfo: /Users/wayneolson/dev/projects/contact-pro/frontend/src/shared/hooks/node_modules
[16:03:23.255] DirectoryWatcher:: Added:: WatchInfo: /Users/wayneolson/dev/projects/contact-pro/frontend/src/shared/hooks/node_modules 1 undefined Project: /dev/null/inferredProject2* watcher already invoked: false
[16:03:23.255] Elapsed:: 0.014500000514090061ms DirectoryWatcher:: Added:: WatchInfo: /Users/wayneolson/dev/projects/contact-pro/frontend/src/shared/hooks/node_modules 1 undefined Project: /dev/null/inferredProject2* watcher already invoked: false
[16:03:23.255] DirectoryWatcher:: Added:: WatchInfo: /Users/wayneolson/dev/projects/contact-pro/frontend/src/shared/components/UIElements/bower_components
[16:03:23.255] DirectoryWatcher:: Added:: WatchInfo: /Users/wayneolson/dev/projects/contact-pro/frontend/src/shared/components/UIElements/bower_components 1 undefined Project: /dev/null/inferredProject2* watcher already invoked: false
[16:03:23.255] Elapsed:: 0.0138330003246665ms DirectoryWatcher:: Added:: WatchInfo: /Users/wayneolson/dev/projects/contact-pro/frontend/src/shared/components/UIElements/bower_components 1 undefined Project: /dev/null/inferredProject2* watcher already invoked: false
[16:03:23.255] DirectoryWatcher:: Added:: WatchInfo: /Users/wayneolson/dev/projects/contact-pro/frontend/src/shared/components/UIElements/node_modules
[16:03:23.255] DirectoryWatcher:: Added:: WatchInfo: /Users/wayneolson/dev/projects/contact-pro/frontend/src/shared/components/UIElements/node_modules 1 undefined Project: /dev/null/inferredProject2* watcher already invoked: false
[16:03:23.255] Elapsed:: 0.01308399997651577ms DirectoryWatcher:: Added:: WatchInfo: /Users/wayneolson/dev/projects/contact-pro/frontend/src/shared/components/UIElements/node_modules 1 undefined Project: /dev/null/inferredProject2* watcher already invoked: false
[16:03:23.255] DirectoryWatcher:: Added:: WatchInfo: /Users/wayneolson/dev/projects/contact-pro/frontend/src/users/components/bower_components
[16:03:23.256] DirectoryWatcher:: Added:: WatchInfo: /Users/wayneolson/dev/projects/contact-pro/frontend/src/users/components/bower_components 1 undefined Project: /dev/null/inferredProject2* watcher already invoked: false
[16:03:23.256] Elapsed:: 0.05845899973064661ms DirectoryWatcher:: Added:: WatchInfo: /Users/wayneolson/dev/projects/contact-pro/frontend/src/users/components/bower_components 1 undefined Project: /dev/null/inferredProject2* watcher already invoked: false
[16:03:23.256] DirectoryWatcher:: Added:: WatchInfo: /Users/wayneolson/dev/projects/contact-pro/frontend/src/users/components/node_modules
[16:03:23.256] DirectoryWatcher:: Added:: WatchInfo: /Users/wayneolson/dev/projects/contact-pro/frontend/src/users/components/node_modules 1 undefined Project: /dev/null/inferredProject2* watcher already invoked: false
[16:03:23.256] Elapsed:: 0.030917000025510788ms DirectoryWatcher:: Added:: WatchInfo: /Users/wayneolson/dev/projects/contact-pro/frontend/src/users/components/node_modules 1 undefined Project: /dev/null/inferredProject2* watcher already invoked: false
[16:03:23.256] DirectoryWatcher:: Added:: WatchInfo: /Users/wayneolson/dev/projects/contact-pro/frontend/src/shared/components/layout/bower_components
[16:03:23.256] DirectoryWatcher:: Added:: WatchInfo: /Users/wayneolson/dev/projects/contact-pro/frontend/src/shared/components/layout/bower_components 1 undefined Project: /dev/null/inferredProject2* watcher already invoked: false
[16:03:23.256] Elapsed:: 0.011915999464690685ms DirectoryWatcher:: Added:: WatchInfo: /Users/wayneolson/dev/projects/contact-pro/frontend/src/shared/components/layout/bower_components 1 undefined Project: /dev/null/inferredProject2* watcher already invoked: false
[16:03:23.256] DirectoryWatcher:: Added:: WatchInfo: /Users/wayneolson/dev/projects/contact-pro/frontend/src/shared/components/layout/node_modules
[16:03:23.256] DirectoryWatcher:: Added:: WatchInfo: /Users/wayneolson/dev/projects/contact-pro/frontend/src/shared/components/layout/node_modules 1 undefined Project: /dev/null/inferredProject2* watcher already invoked: false
[16:03:23.256] Elapsed:: 0.011042000725865364ms DirectoryWatcher:: Added:: WatchInfo: /Users/wayneolson/dev/projects/contact-pro/frontend/src/shared/components/layout/node_modules 1 undefined Project: /dev/null/inferredProject2* watcher already invoked: false
[16:03:23.256] DirectoryWatcher:: Added:: WatchInfo: /Users/wayneolson/dev/projects/contact-pro/frontend/src/users/views/bower_components
[16:03:23.256] DirectoryWatcher:: Added:: WatchInfo: /Users/wayneolson/dev/projects/contact-pro/frontend/src/users/views/bower_components 1 undefined Project: /dev/null/inferredProject2* watcher already invoked: false
[16:03:23.256] Elapsed:: 0.02837499976158142ms DirectoryWatcher:: Added:: WatchInfo: /Users/wayneolson/dev/projects/contact-pro/frontend/src/users/views/bower_components 1 undefined Project: /dev/null/inferredProject2* watcher already invoked: false
[16:03:23.256] DirectoryWatcher:: Added:: WatchInfo: /Users/wayneolson/dev/projects/contact-pro/frontend/src/users/views/node_modules
[16:03:23.256] DirectoryWatcher:: Added:: WatchInfo: /Users/wayneolson/dev/projects/contact-pro/frontend/src/users/views/node_modules 1 undefined Project: /dev/null/inferredProject2* watcher already invoked: false
[16:03:23.256] Elapsed:: 0.03212499991059303ms DirectoryWatcher:: Added:: WatchInfo: /Users/wayneolson/dev/projects/contact-pro/frontend/src/users/views/node_modules 1 undefined Project: /dev/null/inferredProject2* watcher already invoked: false
[16:03:23.256] Installing typings ["abortcontroller-polyfill"]
[16:03:23.257] 'abortcontroller-polyfill':: Entry for package 'abortcontroller-polyfill' does not exist in local types registry - skipping...
[16:03:23.257] All typings are known to be missing or invalid - no need to install more typings
[16:03:23.257] Sending response:
    {"projectName":"/dev/null/inferredProject2*","typeAcquisition":{"enable":true,"include":[],"exclude":[]},"compilerOptions":{"module":1,"target":3,"jsx":1,"allowJs":true,"allowSyntheticDefaultImports":true,"allowNonTsExtensions":true,"noEmitForJsFiles":true,"maxNodeModuleJsDepth":2},"typings":["/Users/wayneolson/Library/Caches/typescript/4.8/node_modules/@types/core-js/index.d.ts","/Users/wayneolson/Library/Caches/typescript/4.8/node_modules/@types/promise-polyfill/index.d.ts"],"unresolvedImports":["abortcontroller-polyfill","core-js","promise-polyfill"],"kind":"action::set"}
[16:03:23.257] Response has been sent.
[16:03:23.731] Got install request {"projectName":"/dev/null/inferredProject2*","fileNames":["/Users/wayneolson/dev/projects/contact-pro/frontend/node_modules/typescript/lib/lib.es5.d.ts","/Users/wayneolson/dev/projects/contact-pro/frontend/node_modules/typescript/lib/lib.es2015.d.ts","/Users/wayneolson/dev/projects/contact-pro/frontend/node_modules/typescript/lib/lib.es2016.d.ts","/Users/wayneolson/dev/projects/contact-pro/frontend/node_modules/typescript/lib/lib.dom.d.ts","/Users/wayneolson/dev/projects/contact-pro/frontend/node_modules/typescript/lib/lib.dom.iterable.d.ts","/Users/wayneolson/dev/projects/contact-pro/frontend/node_modules/typescript/lib/lib.webworker.importscripts.d.ts","/Users/wayneolson/dev/projects/contact-pro/frontend/node_modules/typescript/lib/lib.scripthost.d.ts","/Users/wayneolson/dev/projects/contact-pro/frontend/node_modules/typescript/lib/lib.es2015.core.d.ts","/Users/wayneolson/dev/projects/contact-pro/frontend/node_modules/typescript/lib/lib.es2015.collection.d.ts","/Users/wayneolson/dev/projects/contact-pro/frontend/node_modules/typescript/lib/lib.es2015.generator.d.ts","/Users/wayneolson/dev/projects/contact-pro/frontend/node_modules/typescript/lib/lib.es2015.iterable.d.ts","/Users/wayneolson/dev/projects/contact-pro/frontend/node_modules/typescript/lib/lib.es2015.promise.d.ts","/Users/wayneolson/dev/projects/contact-pro/frontend/node_modules/typescript/lib/lib.es2015.proxy.d.ts","/Users/wayneolson/dev/projects/contact-pro/frontend/node_modules/typescript/lib/lib.es2015.reflect.d.ts","/Users/wayneolson/dev/projects/contact-pro/frontend/node_modules/typescript/lib/lib.es2015.symbol.d.ts","/Users/wayneolson/dev/projects/contact-pro/frontend/node_modules/typescript/lib/lib.es2015.symbol.wellknown.d.ts","/Users/wayneolson/dev/projects/contact-pro/frontend/node_modules/typescript/lib/lib.es2016.array.include.d.ts","/Users/wayneolson/dev/projects/contact-pro/frontend/node_modules/typescript/lib/lib.es2016.full.d.ts","/Users/wayneolson/dev/projects/contact-pro/frontend/src/shared/contexts/user-context.js","/Users/wayneolson/dev/projects/contact-pro/frontend/src/shared/hooks/http-hook.js","/Users/wayneolson/dev/projects/contact-pro/frontend/src/shared/components/UIElements/DeleteConfirmationModal.js","/Users/wayneolson/dev/projects/contact-pro/frontend/src/users/components/UserProfileHeader.js","/Users/wayneolson/dev/projects/contact-pro/frontend/src/shared/components/layout/Item.js","/Users/wayneolson/dev/projects/contact-pro/frontend/src/users/components/UserProfileDetails.js","/Users/wayneolson/dev/projects/contact-pro/frontend/src/users/components/UserProfileContactsData.js","/Users/wayneolson/dev/projects/contact-pro/frontend/src/users/components/UserProfileCard.js","/Users/wayneolson/dev/projects/contact-pro/frontend/src/users/views/UserProfile.js","/Users/wayneolson/Library/Caches/typescript/4.8/node_modules/@types/core-js/index.d.ts","/Users/wayneolson/Library/Caches/typescript/4.8/node_modules/@types/promise-polyfill/index.d.ts"],"compilerOptions":{"module":1,"target":3,"jsx":1,"allowJs":true,"allowSyntheticDefaultImports":true,"allowNonTsExtensions":true,"noEmitForJsFiles":true,"maxNodeModuleJsDepth":2},"typeAcquisition":{"enable":true,"include":[],"exclude":[]},"unresolvedImports":["abortcontroller-polyfill","core-js","promise-polyfill"],"projectRootPath":"/Users/wayneolson/dev/projects/contact-pro/frontend/src/users/views","kind":"discover"}
[16:03:23.731] Explicitly included types: []
[16:03:23.732] Inferred typings from unresolved imports: ["abortcontroller-polyfill","core-js","promise-polyfill"]
[16:03:23.732] Result: {"cachedTypingPaths":["/Users/wayneolson/Library/Caches/typescript/4.8/node_modules/@types/core-js/index.d.ts","/Users/wayneolson/Library/Caches/typescript/4.8/node_modules/@types/promise-polyfill/index.d.ts"],"newTypingNames":["abortcontroller-polyfill"],"filesToWatch":["/Users/wayneolson/dev/projects/contact-pro/frontend/src/shared/contexts/bower_components","/Users/wayneolson/dev/projects/contact-pro/frontend/src/shared/contexts/node_modules","/Users/wayneolson/dev/projects/contact-pro/frontend/src/shared/hooks/bower_components","/Users/wayneolson/dev/projects/contact-pro/frontend/src/shared/hooks/node_modules","/Users/wayneolson/dev/projects/contact-pro/frontend/src/shared/components/UIElements/bower_components","/Users/wayneolson/dev/projects/contact-pro/frontend/src/shared/components/UIElements/node_modules","/Users/wayneolson/dev/projects/contact-pro/frontend/src/users/components/bower_components","/Users/wayneolson/dev/projects/contact-pro/frontend/src/users/components/node_modules","/Users/wayneolson/dev/projects/contact-pro/frontend/src/shared/components/layout/bower_components","/Users/wayneolson/dev/projects/contact-pro/frontend/src/shared/components/layout/node_modules","/Users/wayneolson/dev/projects/contact-pro/frontend/src/users/views/bower_components","/Users/wayneolson/dev/projects/contact-pro/frontend/src/users/views/node_modules"]}
[16:03:23.732] Finished typings discovery: {"cachedTypingPaths":["/Users/wayneolson/Library/Caches/typescript/4.8/node_modules/@types/core-js/index.d.ts","/Users/wayneolson/Library/Caches/typescript/4.8/node_modules/@types/promise-polyfill/index.d.ts"],"newTypingNames":["abortcontroller-polyfill"],"filesToWatch":["/Users/wayneolson/dev/projects/contact-pro/frontend/src/shared/contexts/bower_components","/Users/wayneolson/dev/projects/contact-pro/frontend/src/shared/contexts/node_modules","/Users/wayneolson/dev/projects/contact-pro/frontend/src/shared/hooks/bower_components","/Users/wayneolson/dev/projects/contact-pro/frontend/src/shared/hooks/node_modules","/Users/wayneolson/dev/projects/contact-pro/frontend/src/shared/components/UIElements/bower_components","/Users/wayneolson/dev/projects/contact-pro/frontend/src/shared/components/UIElements/node_modules","/Users/wayneolson/dev/projects/contact-pro/frontend/src/users/components/bower_components","/Users/wayneolson/dev/projects/contact-pro/frontend/src/users/components/node_modules","/Users/wayneolson/dev/projects/contact-pro/frontend/src/shared/components/layout/bower_components","/Users/wayneolson/dev/projects/contact-pro/frontend/src/shared/components/layout/node_modules","/Users/wayneolson/dev/projects/contact-pro/frontend/src/users/views/bower_components","/Users/wayneolson/dev/projects/contact-pro/frontend/src/users/views/node_modules"]}
[16:03:23.733] Installing typings ["abortcontroller-polyfill"]
[16:03:23.733] 'abortcontroller-polyfill':: Entry for package 'abortcontroller-polyfill' does not exist in local types registry - skipping...
[16:03:23.733] All typings are known to be missing or invalid - no need to install more typings
[16:03:23.733] Sending response:
    {"projectName":"/dev/null/inferredProject2*","typeAcquisition":{"enable":true,"include":[],"exclude":[]},"compilerOptions":{"module":1,"target":3,"jsx":1,"allowJs":true,"allowSyntheticDefaultImports":true,"allowNonTsExtensions":true,"noEmitForJsFiles":true,"maxNodeModuleJsDepth":2},"typings":["/Users/wayneolson/Library/Caches/typescript/4.8/node_modules/@types/core-js/index.d.ts","/Users/wayneolson/Library/Caches/typescript/4.8/node_modules/@types/promise-polyfill/index.d.ts"],"unresolvedImports":["abortcontroller-polyfill","core-js","promise-polyfill"],"kind":"action::set"}
[16:03:23.733] Response has been sent.
